0.63419583968	5.8626599597e-18	20000000
1.2683916794	7.9411817187e-18	20000000
1.902587519	1.1569462486e-17	20000000
2.5367833587	1.6589988117e-17	20000000
3.1709791984	2.3218825864e-17	20000000
3.8051750381	3.2164508665e-17	20000000
4.4393708777	4.4092967814e-17	20000000
5.0735667174	6.0231515993e-17	20000000
5.7077625571	8.2166497846e-17	20000000
6.3419583968	1.1206268883e-16	20000000
6.9761542364	1.5287871283e-16	20000000
7.6103500761	2.0866330332e-16	20000000
8.2445459158	2.8496171129e-16	20000000
8.8787417555	3.8937311078e-16	20000000
9.5129375951	5.323152928e-16	20000000
10.147133435	7.2807399948e-16	20000000
10.781329274	9.9624313526e-16	20000000
11.415525114	1.363701758e-15	20000000
12.049720954	1.8674264547e-15	20000000
12.683916794	2.5578610251e-15	20000000
13.318112633	3.5045283279e-15	20000000
13.952308473	4.8027507986e-15	20000000
14.586504313	6.5833736554e-15	20000000
15.220700152	9.0260204962e-15	20000000
15.854895992	1.2377300515e-14	20000000
16.489091832	1.6975818634e-14	20000000
17.123287671	2.3286532505e-14	20000000
17.757483511	3.1947952348e-14	20000000
18.391679351	4.3836988109e-14	20000000
19.02587519	6.0158047037e-14	20000000
19.66007103	8.2565457279e-14	20000000
20.29426687	1.1333169212e-13	20000000
20.928462709	1.5557854267e-13	20000000
21.562658549	2.135948125e-13	20000000
22.196854389	2.9327294417e-13	20000000
22.831050228	4.0270914117e-13	20000000
23.465246068	5.5302826817e-13	20000000
24.099441908	7.5951781875e-13	20000000
24.733637747	1.0431869058e-12	20000000
25.367833587	1.4329098322e-12	20000000
26.002029427	1.9683738602e-12	20000000
26.636225266	2.7041335563e-12	20000000
27.270421106	3.7151881442e-12	20000000
27.904616946	5.1046554195e-12	20000000
28.538812785	7.0143318758e-12	20000000
29.173008625	9.639224644e-12	20000000
29.807204465	1.3247542302e-11	20000000
30.441400304	1.8208165167e-11	20000000
31.075596144	2.5028294475e-11	20000000
31.709791984	3.4404761046e-11	20000000
32.343987823	4.7293146458e-11	20000000
32.978183663	6.499877921e-11	20000000
33.612379503	8.9291103466e-11	20000000
34.246575342	1.2253391796e-10	20000000
34.764142927	1.5830626787e-10	16322011.353
35.164756149	1.9290891018e-10	12633738.556
35.493510191	2.2691224462e-10	10367587.47
35.772999665	2.6045279824e-10	8813980.0622
36.016497083	2.9360314494e-10	7678934.5845
36.232501527	3.2639861218e-10	6811916.134
36.426802549	3.5885306882e-10	6127477.0338
36.603531103	3.9096665796e-10	5573311.6804
36.76574336	4.2273001608e-10	5115525.7342
36.915767209	4.5412675062e-10	4731152.0921
37.055418934	4.8513500372e-10	4404056.7909
37.186144574	5.1572852739e-10	4122563.7908
37.309115441	5.458775075e-10	3878009.2506
37.425294589	5.7554927847e-10	3663825.6248
37.535484257	6.0470901708e-10	3474941.3731
37.640360457	6.3332047001e-10	3307375.851
37.740498676	6.6134674507e-10	3157958.8766
37.83639328	6.8875117555e-10	3024132.2195
37.928472374	7.1549824883e-10	2903806.2961
38.017109326	7.4155457367e-10	2795254.9196
38.102631803	7.6688984686e-10	2697036.8345
38.185328926	7.9147776989e-10	2607936.4699
38.265456993	8.1529686196e-10	2526918.7286
38.343244099	8.3833111752e-10	2453094.1959
38.418893903	8.6057046528e-10	2385692.1904
38.492588721	8.8201099949e-10	2324039.786
38.564492114	9.0265497248e-10	2267545.4174
38.634751057	9.2251055651e-10	2215686.0162
38.703497787	9.4159140043e-10	2167996.871
38.770851401	9.5991602096e-10	2124063.579
38.836919247	9.7750707647e-10	2083515.5955
38.901798147	9.9439057474e-10	2046020.9938
38.965575485	1.0105950633e-09	2011282.1368
39.028330179	1.0261508447e-09	1979032.0304
39.090133553	1.041089251e-09	1949031.188
39.151050121	1.0554419988e-09	1921064.8829
39.211138296	1.0692406414e-09	1894940.7
39.270451029	1.0825161201e-09	1870486.327
39.329036377	1.0952984144e-09	1847547.5449
39.386938026	1.1076162829e-09	1825986.3921
39.444195746	1.119497085e-09	1805679.4857
39.500845813	1.1309666713e-09	1786516.4874
39.556921368	1.1420493295e-09	1768398.7077
39.612452755	1.1527677747e-09	1751237.8391
39.667467812	1.1631431729e-09	1734954.8139
39.721992126	1.1731951896e-09	1719478.7767
39.776049272	1.1829420552e-09	1704746.1648
39.829661014	1.1924006426e-09	1690699.8878
39.882847486	1.2015865521e-09	1677288.5963
39.935627358	1.2105142014e-09	1664466.0316
39.988017973	1.2191969175e-09	1652190.4475
40.04003548	1.2276470294e-09	1640424.095
40.091694941	1.2358759594e-09	1629132.7654
40.143010434	1.2438943124e-09	1618285.3827
40.193995139	1.2517119615e-09	1607853.6417
40.244661415	1.2593381294e-09	1597811.6864
40.295020872	1.2667814633e-09	1588135.8258
40.345084427	1.2740501036e-09	1578804.2831
40.394862363	1.2811517436e-09	1569796.9761
40.444364371	1.2880936811e-09	1561095.327
40.493599597	1.2948828607e-09	1552682.0986
40.542576679	1.3015259074e-09	1544541.2559
40.59130378	1.3080291528e-09	1536657.848
40.63978862	1.3143986567e-09	1529017.9089
40.688038504	1.320640226e-09	1521608.3718
40.736060352	1.3267594329e-09	1514416.9931
40.783860716	1.3327616359e-09	1507432.2823
40.831445808	1.338652003e-09	1500643.4355
40.878821514	1.3444355381e-09	1494040.27
40.925993418	1.3501171097e-09	1487613.1605
40.972966812	1.3557014796e-09	1481352.9772
41.019746716	1.3611933297e-09	1475251.0269
41.066337881	1.3665972832e-09	1469299.0014
41.112744811	1.3719179193e-09	1463488.9332
41.158971763	1.3771597804e-09	1457813.1621
41.205022762	1.3823273724e-09	1452264.3113
41.250901608	1.3874251626e-09	1446835.2721
41.296611882	1.3924575776e-09	1441519.1925
41.342156956	1.3974290065e-09	1436309.4662
41.387540001	1.4023438114e-09	1431199.718
41.432763992	1.4072063456e-09	1426183.7815
41.477831714	1.4120209768e-09	1421255.6718
41.522745766	1.4167921124e-09	1416409.5526
41.567508568	1.4215242193e-09	1411639.7053
41.612122358	1.4262218356e-09	1406940.5029
41.656589202	1.4308895712e-09	1402306.3944
41.70091099	1.4355321017e-09	1397731.9006
41.745089441	1.4401541613e-09	1393211.6165
41.789126104	1.4447605433e-09	1388740.2152
41.833022364	1.4493561122e-09	1384312.4449
41.876779439	1.4539458279e-09	1379923.1143
41.920398384	1.4585347758e-09	1375567.0684
41.963880093	1.4631281916e-09	1371239.1595
42.007225293	1.4677314718e-09	1366934.2245
42.050434548	1.4723501675e-09	1362647.0771
42.093508258	1.4769899719e-09	1358372.515
42.136446656	1.4816567141e-09	1354105.3345
42.179249813	1.4863563747e-09	1349840.3381
42.221917631	1.4910951206e-09	1345572.323
42.26444985	1.4958793438e-09	1341296.0531
42.306846039	1.5007156817e-09	1337006.2287
42.349105599	1.5056110052e-09	1332697.4752
42.391227757	1.5105723901e-09	1328364.3604
42.433211567	1.5156071051e-09	1324001.427
42.47505591	1.5207226447e-09	1319603.2093
42.516759493	1.5265942123e-09	1315164.2129
42.558302677	1.5749985887e-09	1310105.8447
42.598569116	1.6217047056e-09	1269842.4077
42.637675856	1.6752045633e-09	1233270.1466
42.67553367	1.7383405908e-09	1193884.0449
42.7120165	1.8000790282e-09	1150522.5217
42.747248056	1.8603845105e-09	1111062.3304
42.781337559	1.9190400885e-09	1075046.5771
42.814385115	1.9758850093e-09	1042187.7125
42.846481914	2.0307740501e-09	1012204.6529
42.87771118	2.0958790591e-09	984846.14765
42.907970361	2.1706022753e-09	954253.53449
42.937187867	2.2431903116e-09	921403.25418
42.965459915	2.3136126376e-09	891587.30298
42.992871411	2.3816531833e-09	864448.94339
43.019499798	2.4471371919e-09	839752.82969
43.045415625	2.5098952155e-09	817281.51842
43.070683447	2.5914891136e-09	796846.01477
43.095155702	2.6780679893e-09	771757.05254
43.118836798	2.7619134102e-09	746807.02953
43.141798989	2.8428597483e-09	724135.66357
43.164107365	2.9206697135e-09	703516.94319
43.18582142	2.9951192937e-09	684774.45114
43.20699573	3.0659949289e-09	667753.03547
43.22768056	3.1675744123e-09	652316.79972
43.247702058	3.2668491497e-09	631397.95302
43.267115132	3.3627560137e-09	612210.69854
43.285974539	3.454944474e-09	594750.25599
43.304330719	3.5431482381e-09	578880.50446
43.322229937	3.6270807767e-09	564469.74995
43.339714959	3.71276891e-09	551407.62589
43.356796438	3.8303399339e-09	538681.52004
43.373353606	3.9435199592e-09	522146.86804
43.38943558	4.0524999266e-09	507161.12019
43.405085076	4.1568576992e-09	493522.52591
43.420341693	4.2562675715e-09	481132.65951
43.435241974	4.3503789693e-09	469895.27007
43.449819919	4.4524422293e-09	459730.06354
43.464063694	4.586149905e-09	449191.67885
43.477892196	4.7146172586e-09	436095.64481
43.491343889	4.8379386956e-09	424212.59039
43.504452691	4.9556391775e-09	413399.20281
43.517250149	5.0673251159e-09	403580.63377
43.529765546	5.1725779778e-09	394685.54992
43.542026276	5.2898093874e-09	386654.39334
43.554015288	5.4415200583e-09	378085.45706
43.565670043	5.5870330648e-09	367544.35866
43.577021253	5.7263971848e-09	357971.74937
43.588096206	5.8590759399e-09	349259.74142
43.598920368	5.9846097878e-09	341350.75573
43.60951748	6.1025097636e-09	334190.5439
43.619909858	6.2309987232e-09	327734.01067
43.630087935	6.4031772195e-09	320975.8321
43.639992328	6.5681026944e-09	312344.93931
43.649648021	6.7258722228e-09	304501.93809
43.659077219	6.8758755582e-09	297359.20246
43.668300711	7.0175929255e-09	290872.04721
43.677337939	7.150463164e-09	284998.00733
43.686207236	7.282745696e-09	279702.16112
43.694915433	7.4787020709e-09	274621.69949
43.703395459	7.6662558192e-09	267426.0829
43.711668022	7.8456950485e-09	260883.54565
43.719751382	8.0163147728e-09	254916.86685
43.727662696	8.1775424783e-09	249491.20097
43.735418032	8.328743475e-09	244572.25448
43.743032576	8.4692852533e-09	240132.26077
43.750520762	8.676895232e-09	236147.43632
43.75782978	8.8915294009e-09	230497.19359
43.764962364	9.096970321e-09	224933.18189
43.77193387	9.2926326342e-09	219853.41596
43.778758587	9.4778591526e-09	215224.26192
43.785449928	9.6519545959e-09	211018.11789
43.792020574	9.8141998825e-09	207211.91549
43.798482597	1.0008163799e-08	203786.35283
43.804819382	1.0255680869e-08	199836.8572
43.811003232	1.0492684761e-08	195013.86847
43.817047403	1.0719100717e-08	190608.98574
43.822963905	1.0934124061e-08	186582.8163
43.828764057	1.1137021087e-08	182913.60048
43.834458541	1.1326991506e-08	179581.23491
43.84005752	1.1503214923e-08	176569.3917
43.845570725	1.1771962347e-08	173864.43819
43.850958067	1.2047679234e-08	169895.20873
43.856222116	1.2311957355e-08	166007.07581
43.861373173	1.2564041138e-08	162443.70756
43.866420878	1.2803129282e-08	159184.45172
43.871374322	1.302836244e-08	156211.81009
43.876242132	1.3238833699e-08	153511.23437
43.881032553	1.3454541767e-08	151070.70951
43.885746172	1.377833216e-08	148648.68939
43.890349021	1.4089094168e-08	145155.44965
43.894850345	1.4387176775e-08	141953.76766
43.899258408	1.4671529661e-08	139012.67993
43.903581038	1.4941284814e-08	136318.43756
43.907825625	1.5195467763e-08	133857.29707
43.91199921	1.5433051277e-08	131618.19242
43.916108546	1.5701038561e-08	129592.00122
43.920147742	1.6069942387e-08	127380.10879
43.924094215	1.6424689843e-08	124455.95335
43.927955449	1.6765389626e-08	121767.90059
43.931738218	1.7090915141e-08	119293.38027
43.935448937	1.7400293266e-08	117021.23517
43.939093679	1.769244168e-08	114940.59148
43.942678237	1.7966204004e-08	113042.62216
43.946208175	1.8273682854e-08	111320.1208
43.949678717	1.8699269629e-08	109447.01274
43.953070271	1.9109462609e-08	106956.04907
43.956389024	1.9504405956e-08	104660.19066
43.959640576	1.9882841308e-08	102540.9338
43.96283024	2.0243698814e-08	100589.24522
43.965963046	2.0585789483e-08	98796.174471
43.969043792	2.0907830319e-08	97154.39875
43.972077085	2.1232788562e-08	95657.941044
43.975063955	2.1730014512e-08	94193.939441
43.97798248	2.2210476789e-08	92038.59477
43.98083787	2.2674755769e-08	90047.59416
43.983634795	2.3121376745e-08	88203.816632
43.986377693	2.3549181687e-08	86500.039426
43.989070763	2.3956880136e-08	84928.641113
43.991718002	2.4343080159e-08	83483.324568
43.994323242	2.4706242273e-08	82158.871717
43.996890188	2.5238715709e-08	80951.20164
43.999402978	2.5809007132e-08	79243.334845
44.001860243	2.6361994157e-08	77492.326215
44.004265964	2.6896559486e-08	75866.794752
44.006623871	2.7411345647e-08	74358.952899
44.008937496	2.7904992977e-08	72962.488808
44.011210193	2.8376028283e-08	71671.761453
44.013445163	2.8822799522e-08	70482.027297
44.01564549	2.9317835941e-08	69389.512232
44.017808664	3.0003252614e-08	68217.859054
44.019922421	3.0669794654e-08	66659.439419
44.02199024	3.1317794847e-08	65210.739835
44.024015274	3.19454609e-08	63861.456713
44.026000519	3.255138331e-08	62606.703539
44.027948811	3.3134024889e-08	61441.321279
44.029862843	3.3691694541e-08	60360.91319
44.031745193	3.4222447983e-08	59361.810893
44.033598351	3.4910614167e-08	58441.17291
44.035414978	3.5723949221e-08	57289.166855
44.037190246	3.6517972581e-08	55984.85172
44.038926914	3.7292028552e-08	54767.553033
44.040627534	3.8044302683e-08	53630.764473
44.042294527	3.8773231255e-08	52570.289345
44.043930181	3.9477132709e-08	51581.978991
44.04553667	4.0154093733e-08	50662.240714
44.047116075	4.0801863262e-08	49808.122014
44.048670406	4.1675602287e-08	49017.369309
44.05019215	4.265870217e-08	47989.708373
44.051678824	4.3622290794e-08	46883.751691
44.053132658	4.4565231303e-08	45848.119473
44.054555731	4.548558632e-08	44878.034771
44.05595001	4.6381670631e-08	43969.972948
44.057317351	4.7251693571e-08	43120.482139
44.058659517	4.809356799e-08	42326.525228
44.059978188	4.8904761749e-08	41585.602475
44.061274985	4.99347692e-08	40895.813178
44.062545034	5.1145120284e-08	40052.25281
44.063785027	5.2336118177e-08	39104.414828
44.064996801	5.3507048503e-08	38214.526978
44.066182058	5.4655651235e-08	37378.253071
44.067342406	5.578017374e-08	36592.739356
44.068479362	5.6878790452e-08	35855.033534
44.069594357	5.7949362743e-08	35162.49175
44.070688754	5.8989186058e-08	34512.890312
44.071763859	6.011212947e-08	33904.519348
44.07281888	6.1629145169e-08	33271.155383
44.073847932	6.3127492498e-08	32452.178178
44.074852559	6.4608485679e-08	31681.917353
44.075834158	6.60691263e-08	30955.686068
44.076794055	6.7507621613e-08	30271.32508
44.077733498	6.8922190141e-08	29626.284443
44.07865366	7.031085809e-08	29018.230499
44.079555649	7.1671012718e-08	28445.108683
44.08044052	7.2999215872e-08	27905.284496
44.08130929	7.4701779826e-08	27397.554564
44.082158261	7.662109651e-08	26773.123809
44.082985965	7.8526545192e-08	26102.471657
44.083793584	8.0416956865e-08	25469.094497
44.084582219	8.228983711e-08	24870.376572
44.085352904	8.414355808e-08	24304.337817
44.086106611	8.597653098e-08	23768.902167
44.086844249	8.7786688442e-08	23262.162095
44.087566678	8.957098088e-08	22782.497386
44.088274715	9.1325217456e-08	22328.660246
44.088969152	9.365602303e-08	21899.756231
44.089646306	9.6148853781e-08	21354.739773
44.090305904	9.8635940935e-08	20801.080006
44.09094887	1.0111501589e-07	20276.58459
44.091576073	1.035840095e-07	19779.455924
44.092188325	1.0604174285e-07	19307.999465
44.092786388	1.0848713733e-07	18860.497255
44.093370969	1.1091840194e-07	18435.365235
44.093942737	1.1333237167e-07	18031.273125
44.094502327	1.1572428951e-07	17647.208565
44.09505035	1.1868227103e-07	17282.456505
44.095584714	1.2200760893e-07	16851.716627
44.096104514	1.2534034912e-07	16392.420256
44.096610493	1.2868033193e-07	15956.553608
44.097103339	1.3202546332e-07	15542.390745
44.097583698	1.3537554776e-07	15148.592928
44.098052169	1.3873068713e-07	14773.716769
44.098509311	1.4209026502e-07	14416.421063
44.098955644	1.454519045e-07	14075.559643
44.099391662	1.4881099017e-07	13750.249657
44.099817837	1.5229282007e-07	13439.867565
44.100234269	1.5684967597e-07	13132.595477
44.100638603	1.6143497508e-07	12751.062363
44.101031452	1.6605770233e-07	12388.889081
44.101413365	1.707142158e-07	12044.006222
44.10178486	1.754059514e-07	11715.485969
44.102146419	1.801351593e-07	11402.121672
44.102498486	1.8490407666e-07	11102.774204
44.102841472	1.8971313199e-07	10816.419174
44.103175764	1.9455983041e-07	10542.232786
44.103501729	1.9943845686e-07	10279.614224
44.103819719	2.0465324446e-07	10028.156212
44.104129607	2.1114752893e-07	9772.6278677
44.104429964	2.177186024e-07	9472.05023
44.104721256	2.243799228e-07	9186.1695691
44.105003899	2.3113069503e-07	8913.4534635
44.105278288	2.3797696148e-07	8653.1129054
44.105544782	2.4492586494e-07	8404.174873
44.105803716	2.5198421744e-07	8165.7361931
44.106055397	2.5915599446e-07	7937.0050248
44.106300113	2.6644082497e-07	7717.3595933
44.106538138	2.7383364811e-07	7506.3571818
44.106769737	2.8132575853e-07	7303.704325
44.106995168	2.9060231911e-07	7109.1961519
44.107213403	3.0040295269e-07	6882.2575336
44.107424518	3.1039493963e-07	6657.7241738
44.107628837	3.2058651266e-07	6443.4040142
44.107826661	3.3099101208e-07	6238.565632
44.108018266	3.4162544358e-07	6042.4601485
44.108203906	3.5250717664e-07	5854.3648829
44.108383817	3.636504159e-07	5673.6433541
44.108558214	3.750634941e-07	5499.7874677
44.108727304	3.8674773184e-07	5332.430459
44.108891286	3.9869822569e-07	5171.3296171
44.109050352	4.1090651873e-07	5016.3253085
44.109204693	4.258023335e-07	4867.2871051
44.109353634	4.4144513483e-07	4697.0151234
44.109497298	4.5750561581e-07	4530.5743392
44.109635918	4.7400916075e-07	4371.5310389
44.109769712	4.9099152932e-07	4219.327738
44.109898879	5.0849268408e-07	4073.3900293
44.110023599	5.2655220813e-07	3933.1932644
44.110144042	5.4520402932e-07	3798.2938237
44.110260365	5.6447280387e-07	3668.3514656
44.110372717	5.8437269357e-07	3543.1290689
44.110481243	6.0490900667e-07	3422.473401
44.110586084	6.2608257289e-07	3306.2823961
44.11068738	6.4850019526e-07	3194.4668109
44.110785175	6.750754651e-07	3084.0391639
44.110879119	7.0251508053e-07	2962.6317403
44.110969394	7.3094392113e-07	2846.9139744
44.111056158	7.6043278425e-07	2736.1880196
44.111139557	7.9107774719e-07	2630.0812398
44.111219726	8.2297460239e-07	2528.1965105
44.111296787	8.562148187e-07	2430.2086531
44.111370857	8.9087802711e-07	2335.8623984
44.111442045	9.2702881137e-07	2244.9762359
44.111510456	9.6471739912e-07	2157.4302497
44.111576195	1.0039847865e-06	2073.1459823
44.111639363	1.0448716898e-06	1992.0620581
44.111700059	1.0874299695e-06	1914.1106219
44.11175838	1.1341375609e-06	1839.1988966
44.111814299	1.1867069356e-06	1763.4545129
44.11186774	1.2416239555e-06	1685.3360674
44.111918818	1.2991817024e-06	1610.7936635
44.111967633	1.359611612e-06	1539.4305479
44.112014279	1.4231727944e-06	1471.008325
44.112058841	1.490117574e-06	1405.3107309
44.112101401	1.5606865656e-06	1342.1759698
44.112142037	1.6351018918e-06	1281.4872916
44.112180823	1.713568216e-06	1223.1653636
44.112217833	1.7962804735e-06	1167.1551686
44.112253139	1.8834383729e-06	1113.4118694
44.112286812	1.9752661578e-06	1061.8876777
44.112318918	2.0720351382e-06	1012.5217769
44.112349526	2.1740854918e-06	965.23459624
44.112378697	2.2818434074e-06	919.92702568
44.11240649	2.4059661038e-06	876.48433434
44.112432849	2.5382690171e-06	831.26690639
44.112457834	2.6790341084e-06	787.93854652
44.112481507	2.8290487818e-06	746.53771438
44.112503924	2.9891690104e-06	706.95140107
44.112525141	3.1602483517e-06	669.08227438
44.112545209	3.3431479668e-06	632.86165435
44.112564179	3.5387379713e-06	598.23855237
44.1125821	3.7479150957e-06	565.17323865
44.112599021	3.9716316967e-06	533.63001801
44.11261499	4.2109365264e-06	503.57136632
44.11263005	4.4670246024e-06	474.95372762
44.112644247	4.741292419e-06	447.72531562
44.112657623	5.0353931579e-06	421.82591227
44.112670218	5.3512857515e-06	397.1884493
44.11268207	5.6912724035e-06	373.74195528
44.112693213	6.0580219459e-06	351.41526503
44.112703682	6.4545804121e-06	330.14076507
44.112713507	6.8843737369e-06	309.85747675
44.112722719	7.3712142128e-06	290.5129902
44.112731323	7.9050850614e-06	271.32571952
44.112739345	8.486712265e-06	253.00170516
44.112746818	9.1209183254e-06	235.66252013
44.112753771	9.8129283729e-06	219.27616591
44.112760234	1.0568459886e-05	203.81275843
44.112766235	1.1393868472e-05	189.24233253
44.112771801	1.2296314046e-05	175.5330075
44.112776959	1.3283961698e-05	162.65036763
44.112781733	1.4366214938e-05	150.55749524
44.112786148	1.5553980101e-05	139.21551422
44.112790225	1.6859956974e-05	128.58445151
44.112793986	1.8298949165e-05	118.62426476
44.112797452	1.9888188204e-05	109.29589355
44.112800641	2.1647669607e-05	100.56220202
44.112803571	2.3600506279e-05	92.38869755
44.112806258	2.5773312705e-05	84.743944743
44.112808719	2.8196639986e-05	77.599648245
44.112810968	3.0905486166e-05	70.930437138
44.11281302	3.393990918e-05	64.713429495
44.112814888	3.7345772082e-05	58.927676836
44.112816587	4.1442470675e-05	53.553585547
44.112818117	4.6451677268e-05	48.259670995
44.112819482	5.2067824894e-05	43.055495896
44.1128207	5.840021278e-05	38.411437468
44.112821786	6.5532294291e-05	34.246450566
44.112822754	7.3573448592e-05	30.519303828
44.112823616	8.2642408359e-05	27.183719647
44.112824383	9.2886173527e-05	24.200650002
44.112825066	0.00010446025362	21.531729902
44.112825673	0.00011753024619	19.146038141
44.112826213	0.00013229629653	17.016896202
44.112826692	0.00014898471089	15.11758116
44.112827118	0.00016785278019	13.424196269
44.112827496	0.00018919243689	11.915203297
44.112827831	0.00021333501016	10.571247101
44.112828128	0.00024065630392	9.3749263118
44.112828392	0.00027158233484	8.3106071498
44.112828625	0.00030659564635	7.3642492291
44.112828832	0.00034624224849	6.5232498366
44.112829015	0.00039113915335	5.7763025995
44.112829177	0.00044198245997	5.1132697478
44.112829321	0.0004995558845	4.5250664476
44.112829448	0.00056473956636	4.0035560827
44.11282956	0.00063851889107	3.5414554232
44.112829659	0.00072199295761	3.1322487525
44.112829747	0.00081638217935	2.7701101222
44.112829825	0.00092303434346	2.4498329956
44.112829894	0.00104342827	2.1667666151
44.112829954	0.001179174019	1.9167584946
44.112830008	0.0013320084134	1.6961024986
44.112830056	0.0015037845037	1.5014920175
44.112830098	0.0016964535438	1.3299777961
44.112830135	0.0019120381181	1.1789300139
44.112830168	0.0021525953111	1.0460042512
44.112830198	0.0024201692881	0.92911100832
44.112830224	0.0027167333734	0.826388472
44.112830248	0.0030441226567	0.73617824244
44.112830268	0.0034039592596	0.65700374971
44.112830287	0.0037975735243	0.58755109784
44.112830304	0.0042259253803	0.52665208117
44.112830319	0.0046895308177	0.47326912333
44.112830332	0.0051883985813	0.42648189718
44.112830344	0.0057219818132	0.38547539643
44.112830356	0.0062891484188	0.34952924796
44.112830366	0.0068881725341	0.31800807786
44.112830375	0.0075167478296	0.29035277356
44.112830383	0.0081720217464	0.26607251505
44.112830391	0.0088506483493	0.24473747893
44.112830398	0.0095488564553	0.22597214589
44.112830405	0.010262529136	0.20944916382
44.112830411	0.010987290568	0.19488373416
44.112830417	0.011718596434	0.18202849808
44.112830422	0.012451824552	0.17066890317
44.112830427	0.013182362955	0.16061903151
44.112830432	0.013905693227	0.1517178678
44.112830437	0.0146174674	0.14382598316
44.112830441	0.015313577094	0.13682260718
44.112830445	0.015991251512	0.13060305817
44.112830449	0.016646653662	0.12506838496
44.112830453	0.017282122529	0.12014426687
44.112830457	0.017948494209	0.11572652588
44.11283046	0.018672888752	0.11142996046
44.112830463	0.019445759283	0.10710715555
44.112830467	0.020247371672	0.1028501881
44.11283047	0.021080619067	0.098778252921
44.112830473	0.021945429074	0.094873874133
44.112830476	0.022817490988	0.091135151345
44.112830479	0.023674634076	0.087652056093
44.112830481	0.024665632342	0.08447860244
44.112830484	0.025695951849	0.081084481124
44.112830486	0.026687352427	0.077833271629
44.112830489	0.027769777916	0.074941866395
44.112830491	0.02895317916	0.072020741614
44.112830493	0.030108621731	0.069077042936
44.112830495	0.031235023303	0.066426155865
44.112830497	0.032330571563	0.064030686983
44.112830499	0.033393612498	0.061860953992
44.112830501	0.034422749014	0.059891693362
44.112830503	0.035416874218	0.058101112121
44.112830505	0.036375153112	0.056470257304
44.112830506	0.03729698546	0.054982586433
44.112830508	0.038181964468	0.053623636745
44.11283051	0.039029834641	0.052380751694
44.112830511	0.040115130051	0.051242850973
44.112830513	0.041188816315	0.049856500464
44.112830515	0.04223826247	0.048556870018
44.112830516	0.043264191289	0.047350432594
44.112830518	0.044267067788	0.046227606259
44.112830519	0.045247229408	0.045180313491
44.11283052	0.046204931277	0.044201601427
44.112830522	0.047140338147	0.043285423108
44.112830523	0.048053491194	0.04242650941
44.112830524	0.04894427318	0.041620285026
44.112830526	0.049812386326	0.040862799058
44.112830527	0.05065734839	0.040150656243
44.112830528	0.051478506169	0.039480945284
44.112830529	0.052275062238	0.038851166221
44.112830531	0.053175554816	0.03825916057
44.112830532	0.054201054326	0.037611267187
44.112830533	0.055204010943	0.036899651213
44.112830534	0.056184118698	0.036229251568
44.112830535	0.057140742918	0.035597247877
44.112830536	0.058073202739	0.035001295011
44.112830538	0.058980878895	0.034439292232
44.112830539	0.059863282461	0.03390929463
44.11283054	0.060720088745	0.033409460988
44.112830541	0.061551148228	0.032938028276
44.112830542	0.062356485401	0.032493301223
44.112830543	0.063136292605	0.032073648589
44.112830544	0.063890921667	0.031677501441
44.112830545	0.064620872708	0.031303351835
44.112830546	0.065326777601	0.030949752242
44.112830547	0.066009375166	0.030615316926
44.112830548	0.066669476036	0.030298726431
44.112830549	0.06730791672	0.029998735837
44.11283055	0.067925504332	0.029714186644
44.112830551	0.06852295537	0.029444021353
44.112830551	0.069100833452	0.029187299193
44.112830552	0.069659491898	0.028943210958
44.112830553	0.07043283187	0.028711090843
44.112830554	0.071257479478	0.028395848171
44.112830555	0.072077227244	0.028067229077
44.112830556	0.072891397919	0.02774801524
44.112830557	0.073698760222	0.027438079898
44.112830558	0.074497712881	0.027137498568
44.112830559	0.075286447736	0.026846461759
44.112830559	0.076063092829	0.026565206092
44.11283056	0.076825825098	0.026293961048
44.112830561	0.077572949171	0.026032912728
44.112830562	0.078302943608	0.025782183369
44.112830563	0.079014478948	0.025541823945
44.112830563	0.079706413467	0.025311816602
44.112830564	0.080377772868	0.025092083723
44.112830565	0.081027719574	0.024882500829
44.112830566	0.081655516417	0.024682911114
44.112830567	0.082260488725	0.024493140057
44.112830567	0.082841988467	0.024313008967
44.112830568	0.083399364078	0.024142346617
44.112830569	0.08393193965	0.023980998202
44.11283057	0.084439006846	0.023828830935
44.11283057	0.084919831918	0.023685735713
44.112830571	0.085494317662	0.023551624571
44.112830572	0.086200561352	0.023393367591
44.112830573	0.086892524842	0.023201705054
44.112830573	0.087572835032	0.023016939646
44.112830574	0.088243835149	0.022838132387
44.112830575	0.088907499994	0.022664472783
44.112830576	0.089565336856	0.02249529005
44.112830576	0.090218309121	0.022330067303
44.112830577	0.090866791626	0.02216844917
44.112830578	0.091510564623	0.022010241192
44.112830578	0.092148848845	0.021855400065
44.112830579	0.0927803788	0.021704015026
44.11283058	0.09340350623	0.021556281898
44.11283058	0.094016321622	0.021412472409
44.112830581	0.094616779561	0.02127290204
44.112830582	0.095202813866	0.021137899739
44.112830582	0.09577243088	0.021007782426
44.112830583	0.096323773226	0.02088283634
44.112830584	0.096855150868	0.020763306223
44.112830584	0.097365040442	0.020649392232
44.112830585	0.097852057113	0.020541253728
44.112830586	0.098314905776	0.020439018443
44.112830586	0.098752320533	0.020342795268
44.112830587	0.099163003006	0.020252688638
44.112830588	0.099745126536	0.020168812353
44.112830588	0.10045601606	0.020051104946
44.112830589	0.10114086199	0.019909210801
44.112830589	0.10180060194	0.019774401371
44.11283059	0.10243632698	0.019646249254
44.112830591	0.10304936761	0.019524323636
44.112830591	0.10364133237	0.019408173446
44.112830592	0.10421410537	0.019297320426
44.112830593	0.10476979737	0.019191260079
44.112830593	0.10531065265	0.019089470918
44.112830594	0.1058389211	0.018991431063
44.112830594	0.10635670981	0.018896640095
44.112830595	0.10686583134	0.018804643389
44.112830596	0.10736766573	0.018715055831
44.112830596	0.10786305108	0.018627582023
44.112830597	0.10835221322	0.018542030658
44.112830597	0.10883473925	0.018458321622
44.112830598	0.10930959411	0.018376485429
44.112830598	0.10977517405	0.018296655626
44.112830599	0.11022938767	0.018219055605
44.1128306	0.11066975365	0.018143981766
44.1128306	0.11109350509	0.018071785055
44.112830601	0.11149769208	0.018002852627
44.112830601	0.11187927561	0.017937591018
44.112830602	0.11223520854	0.017876411776
44.112830602	0.1126715324	0.017819720087
44.112830603	0.11341059537	0.017750712691
44.112830604	0.11412151483	0.017635036599
44.112830604	0.11480434219	0.017525179218
44.112830605	0.11545886298	0.017420943859
44.112830605	0.1160847001	0.017322186868
44.112830606	0.11668144312	0.017228799301
44.112830606	0.11724881101	0.017140686184
44.112830607	0.11778682203	0.017057742272
44.112830607	0.11829594461	0.01697982818
44.112830608	0.11877720692	0.016906750325
44.112830608	0.11923224806	0.016838247437
44.112830609	0.11966330094	0.016773985499
44.11283061	0.12007310483	0.016713562005
44.11283061	0.12046475338	0.016656519399
44.112830611	0.12084149077	0.016602366617
44.112830611	0.12120647451	0.016550606809
44.112830612	0.12156252653	0.016500768694
44.112830612	0.12191189567	0.016452438568
44.112830613	0.12225605264	0.016405289976
44.112830613	0.12259553528	0.016359108255
44.112830614	0.12292985618	0.016313807803
44.112830614	0.12325747931	0.016269440656
44.112830615	0.12357586656	0.016226195857
44.112830615	0.12388159076	0.016184389846
44.112830616	0.12417050618	0.016144448806
44.112830616	0.12465130377	0.016106884489
44.112830617	0.12541528912	0.016044757973
44.112830617	0.12615004016	0.015947019012
44.112830618	0.12685531722	0.015854136847
44.112830618	0.12753079961	0.015765992658
44.112830619	0.12817597249	0.015682486161
44.112830619	0.12879006978	0.015603548474
44.11283062	0.12937209978	0.015529147576
44.11283062	0.12992094632	0.015459283751
44.112830621	0.13043552835	0.015393976543
44.112830621	0.13091499429	0.015333245668
44.112830622	0.1313589238	0.015277088854
44.112830622	0.13176750954	0.015225459695
44.112830623	0.13214169386	0.01517824847
44.112830623	0.13248324076	0.015135268374
44.112830624	0.13279472965	0.015096249069
44.112830624	0.13307946566	0.015060838674
44.112830625	0.13334130914	0.015028614596
44.112830625	0.1335844352	0.014999102776
44.112830626	0.13381304137	0.01497180414
44.112830626	0.13403102723	0.014946226313
44.112830627	0.1342416737	0.014921918016
44.112830627	0.13444735083	0.014898503161
44.112830627	0.13464928122	0.014875711478
44.112830628	0.1348473821	0.014853402721
44.112830628	0.13504020321	0.014831581963
44.112830629	0.13522496972	0.014810404253
44.112830629	0.13593642222	0.014790167853
44.11283063	0.13672003332	0.014712760329
44.11283063	0.1374770941	0.014628434118
44.112830631	0.13820542249	0.014547878052
44.112830631	0.13890330351	0.014471212228
44.112830632	0.13956933495	0.014398505647
44.112830632	0.14020227663	0.0143297953
44.112830633	0.14080093444	0.014265103593
44.112830633	0.1413640965	0.014204451185
44.112830633	0.14189052935	0.014147863917
44.112830634	0.1423790327	0.014095373449
44.112830634	0.14282854332	0.014047012134
44.112830635	0.14323827253	0.014002803316
44.112830635	0.14360785786	0.013962748675
44.112830636	0.14393750796	0.01392681452
44.112830636	0.14422812013	0.013894918901
44.112830637	0.14448135206	0.013866921362
44.112830637	0.14469963354	0.013842616861
44.112830637	0.14488610874	0.013821735074
44.112830638	0.14504450623	0.013803945854
44.112830638	0.14517894096	0.013788871099
44.112830639	0.14529365986	0.013776102696
44.112830639	0.1453927497	0.013765225557
44.11283064	0.14547983136	0.013755844113
44.11283064	0.14555776827	0.013747610107
44.11283064	0.14562841657	0.013740249138
44.112830641	0.14569244257	0.01373358337
44.112830641	0.14603570937	0.013727548009
44.112830642	0.14683573168	0.01369528048
44.112830642	0.14762231951	0.013620662881
44.112830643	0.14839024495	0.013548086811
44.112830643	0.14913478555	0.013477974921
44.112830644	0.14985183133	0.013410687471
44.112830644	0.15053789886	0.013346516905
44.112830644	0.15119009196	0.013285690946
44.112830645	0.15180603025	0.013228380075
44.112830645	0.15238376624	0.013174707201
44.112830646	0.15292170804	0.013124757639
44.112830646	0.15341856076	0.013078587897
44.112830646	0.15387329421	0.013036232318
44.112830647	0.15428513963	0.012997707044
44.112830647	0.1546536136	0.012963011246
44.112830648	0.15497856326	0.012932125887
44.112830648	0.15526022391	0.012905010589
44.112830648	0.15549927769	0.012881599354
44.112830649	0.15569690142	0.012861796079
44.112830649	0.15585479134	0.012845470794
44.11283065	0.15597515456	0.01283245759
44.11283065	0.15606066004	0.012822555013
44.112830651	0.15611434603	0.012815529548
44.112830651	0.15613948635	0.01281112243
44.112830651	0.15613942322	0.012809059686
44.112830652	0.15611737882	0.012809064865
44.112830652	0.15607626102	0.012810873556
44.112830653	0.15601847884	0.01281424854
44.112830653	0.15608929765	0.012818994358
44.112830653	0.15685801714	0.01281317829
44.112830654	0.15762963745	0.012750384306
44.112830654	0.15839777338	0.012687969295
44.112830655	0.15915581444	0.012626440116
44.112830655	0.15989728207	0.012566301816
44.112830655	0.16061610085	0.012508029994
44.112830656	0.16130679686	0.012452051752
44.112830656	0.16196462195	0.012398733587
44.112830657	0.1625856106	0.012348375688
44.112830657	0.16316658004	0.012301211606
44.112830657	0.16370508704	0.012257412024
44.112830658	0.16419935507	0.012217091333
44.112830658	0.16464818505	0.012180315807
44.112830658	0.16505086159	0.012147112337
44.112830659	0.16540706416	0.012117476884
44.112830659	0.16571679071	0.012091382011
44.11283066	0.16598029789	0.012068783081
44.11283066	0.16619805975	0.012049622909
44.11283066	0.16637074391	0.012033834829
44.112830661	0.16649920228	0.012021344336
44.112830661	0.16658447207	0.012012069563
44.112830662	0.16662778201	0.012005920931
44.112830662	0.16663055932	0.012002800348
44.112830662	0.16659443323	0.012002600292
44.112830663	0.16652123212	0.012005203063
44.112830663	0.16641297178	0.012010480432
44.112830663	0.16627183174	0.012018293879
44.112830664	0.16610011606	0.012028495621
44.112830664	0.1662799617	0.01204093078
44.112830665	0.16698764237	0.012027907509
44.112830665	0.16770982994	0.01197693417
44.112830665	0.16844089477	0.011925359418
44.112830666	0.16917423356	0.011873601139
44.112830666	0.16990269086	0.01182213129
44.112830666	0.17061895828	0.011771443936
44.112830667	0.17131593243	0.011722026791
44.112830667	0.17198701016	0.011674337417
44.112830668	0.17262630953	0.011628785209
44.112830668	0.17322881284	0.011585719497
44.112830668	0.1737904349	0.011545423462
44.112830669	0.17430802386	0.011508113212
44.112830669	0.17477930536	0.011473941106
44.112830669	0.1752027825	0.011443002339
44.11283067	0.175577605	0.011415343817
44.11283067	0.17590342122	0.011390974378
44.11283067	0.17618022614	0.011369875504
44.112830671	0.17640821769	0.011352011765
44.112830671	0.17658767217	0.011337340325
44.112830672	0.17671884831	0.011325818928
44.112830672	0.17680192708	0.011317411918
44.112830672	0.17683699227	0.011312093896
44.112830673	0.17682405394	0.011309850809
44.112830673	0.17676311322	0.011310678357
44.112830673	0.1766542631	0.011314577819
44.112830674	0.17649781526	0.01132154959
44.112830674	0.1762944382	0.011331585023
44.112830674	0.17604528761	0.011344657383
44.112830675	0.17600514244	0.011360713071
44.112830675	0.17662257547	0.011363304346
44.112830676	0.17726229502	0.011323580775
44.112830676	0.17792154697	0.011282715254
44.112830676	0.17859593157	0.011240909458
44.112830677	0.17927972241	0.011198463383
44.112830677	0.17996624007	0.01115575132
44.112830677	0.1806482504	0.011113195448
44.112830678	0.18131835173	0.011071239248
44.112830678	0.18196932324	0.01103032308
44.112830678	0.18259441506	0.010990863539
44.112830679	0.18318756886	0.010953237531
44.112830679	0.18374356414	0.010917771399
44.112830679	0.1842580911	0.010884734981
44.11283068	0.18472775508	0.01085434017
44.11283068	0.18515002029	0.010826743383
44.11283068	0.1855231037	0.010802051206
44.112830681	0.18584583115	0.010780328488
44.112830681	0.18611746999	0.01076160809
44.112830681	0.18633755341	0.0107459015
44.112830682	0.18650571293	0.010733209508
44.112830682	0.18662153513	0.010723532103
44.112830682	0.18668445804	0.010716876799
44.112830683	0.18669372014	0.010713264623
44.112830683	0.18664837054	0.010712733125
44.112830683	0.18654734332	0.010715335978
44.112830684	0.18638959175	0.010721139012
44.112830684	0.18617426998	0.01073021289
44.112830685	0.18590094265	0.010742623029
44.112830685	0.18556979636	0.010758417744
44.112830685	0.1859594991	0.010777615966
44.112830686	0.18649192957	0.010755030045
44.112830686	0.1870460786	0.010724324665
44.112830686	0.18762163739	0.010692552418
44.112830687	0.18821660238	0.010659751337
44.112830687	0.18882743453	0.010626055166
44.112830687	0.18944930559	0.010591681262
44.112830688	0.1900764013	0.01055691386
44.112830688	0.19070224965	0.010522084732
44.112830688	0.19132004626	0.01048755326
44.112830689	0.19192295477	0.010453687625
44.112830689	0.19250436621	0.010420848316
44.112830689	0.1930581069	0.010389374742
44.11283069	0.1935785893	0.010359575322
44.11283069	0.194060904	0.010331721123
44.11283069	0.19450085404	0.010306042891
44.112830691	0.19489493601	0.010282731199
44.112830691	0.19524027463	0.010261939283
44.112830691	0.1955345204	0.01024378809
44.112830691	0.19577572261	0.010228372954
44.112830692	0.19596219227	0.010215771258
44.112830692	0.19609237126	0.010206050345
44.112830692	0.19616472412	0.010199274899
44.112830693	0.19617766808	0.010195513026
44.112830693	0.1961295528	0.010194840318
44.112830693	0.19601869673	0.010197341356
44.112830694	0.19584347946	0.010203108343
44.112830694	0.19560248241	0.010212236861
44.112830694	0.19529466263	0.010224819109
44.112830695	0.19513050039	0.010240935277
44.112830695	0.19556417557	0.010249550921
44.112830695	0.19600936162	0.010226821933
44.112830696	0.19646969276	0.010203594275
44.112830696	0.19694749964	0.010179687116
44.112830696	0.1974437198	0.010154990562
44.112830697	0.19795788237	0.010129468803
44.112830697	0.19848817332	0.010103159198
44.112830697	0.19903156959	0.010076167091
44.112830698	0.19958402214	0.010048657126
44.112830698	0.20014066718	0.010020842242
44.112830698	0.20069604646	0.0099929715843
44.112830699	0.20124432195	0.0099653183771
44.112830699	0.20177947355	0.0099381685936
44.112830699	0.2022954722	0.0099118109727
44.1128307	0.20278642317	0.0098865287404
44.1128307	0.20324667674	0.0098625932086
44.1128307	0.20367090524	0.0098402592952
44.1128307	0.20405414746	0.0098197629046
44.112830701	0.20439182334	0.0098013200168
44.112830701	0.20467972417	0.009785127249
44.112830701	0.20491398572	0.0097713635688
44.112830702	0.20509105334	0.0097601927609
44.112830702	0.20520764912	0.0097517661908
44.112830702	0.20526075072	0.0097462253898
44.112830703	0.20524758993	0.0097437040105
44.112830703	0.20516567563	0.0097443287918
44.112830703	0.20501284208	0.0097482193054
44.112830704	0.20478731872	0.0097554864354
44.112830704	0.20448781387	0.0097662297278
44.112830704	0.20450981812	0.0097805339209
44.112830704	0.20488639235	0.0097794815835
44.112830705	0.20526098363	0.0097615072288
44.112830705	0.20563851149	0.0097436929542
44.112830705	0.20602313104	0.0097258046927
44.112830706	0.20641813463	0.0097076478253
44.112830706	0.20682586197	0.0096890711835
44.112830706	0.20724763788	0.009669970578
44.112830707	0.2076837504	0.0096502909293
44.112830707	0.20813347111	0.0096300264039
44.112830707	0.20859511057	0.009609218495
44.112830708	0.20906609755	0.009587952443
44.112830708	0.20954307156	0.0095663525719
44.112830708	0.21002198095	0.009544577089
44.112830708	0.21049818148	0.0095228127598
44.112830709	0.21096653301	0.0095012697305
44.112830709	0.21142149334	0.0094801766491
44.112830709	0.21185720933	0.0094597761488
44.11283071	0.21226760632	0.009440320706
44.11283071	0.21264647665	0.0094220688434
44.11283071	0.21298756901	0.0094052816275
44.112830711	0.21328468008	0.0093902193883
44.112830711	0.21353175	0.00937713857
44.112830711	0.21372296267	0.0093662886198
44.112830711	0.21385285086	0.0093579088321
44.112830712	0.21391640429	0.0093522251022
44.112830712	0.21390917695	0.0093494466056
44.112830712	0.21382738769	0.009349762495
44.112830713	0.21366800666	0.0093533387915
44.112830713	0.21342881923	0.0093603157123
44.112830713	0.21357604353	0.0093708057196
44.112830714	0.21393351249	0.0093643461456
44.112830714	0.21427256768	0.0093486989331
44.112830714	0.21459883056	0.009333905976
44.112830714	0.21491739203	0.0093197152789
44.112830715	0.21523280782	0.0093059011235
44.112830715	0.21554908449	0.009292263667
44.112830715	0.21586964924	0.0092786290638
44.112830716	0.21619730486	0.0092648503716
44.112830716	0.21653418049	0.0092508091224
44.112830716	0.21688168995	0.0092364170658
44.112830716	0.21724050294	0.0092216175578
44.112830717	0.21761052738	0.0092063863457
44.112830717	0.21799089762	0.0091907318276
44.112830717	0.21837996427	0.0091746950071
44.112830718	0.21877528434	0.0091583493324
44.112830718	0.21917361367	0.0091418004828
44.112830718	0.2195709064	0.0091251860411
44.112830719	0.21996232789	0.0091086748824
44.112830719	0.22034228825	0.0090924660561
44.112830719	0.22070450326	0.0090767869203
44.112830719	0.22104208835	0.0090618903123
44.11283072	0.22134768891	0.0090480505993
44.11283072	0.22161364723	0.0090355585361
44.11283072	0.22183220268	0.0090247149714
44.112830721	0.22199571752	0.0090158235634
44.112830721	0.22209691673	0.0090091828002
44.112830721	0.22212912677	0.0090050777355
44.112830721	0.22208649606	0.009003771946
44.112830722	0.22196417949	0.0090055002689
44.112830722	0.22223901898	0.00901046288
44.112830722	0.22263794659	0.0089993197828
44.112830723	0.22299734554	0.0089831946019
44.112830723	0.22332396608	0.0089687166236
44.112830723	0.22362406802	0.0089555995046
44.112830723	0.22390339205	0.0089435811524
44.112830724	0.22416716735	0.0089324238532
44.112830724	0.22442014105	0.0089219131581
44.112830724	0.22466661162	0.0089118560869
44.112830724	0.22491044955	0.0089020793326
44.112830725	0.22515509514	0.0088924280929
44.112830725	0.22540353305	0.008882765894
44.112830725	0.22565825156	0.008872975383
44.112830726	0.22592119486	0.0088629597462
44.112830726	0.22619371154	0.0088526443976
44.112830726	0.2264764974	0.0088419787907
44.112830726	0.22676952973	0.0088309384105
44.112830727	0.22707199245	0.008819527043
44.112830727	0.22738219631	0.0088077793233
44.112830727	0.22769750213	0.0087957633996
44.112830728	0.22801425893	0.0087835834003
44.112830728	0.2283277704	0.0087713812698
44.112830728	0.2286323036	0.0087593374933
44.112830728	0.2289211515	0.0087476702484
44.112830729	0.22918675716	0.0087366326218
44.112830729	0.22942090136	0.0087265076953
44.112830729	0.22961494869	0.008717601527
44.11283073	0.22976013973	0.0087102342919
44.11283073	0.22984791065	0.0087047300824
44.11283073	0.22987021676	0.0087014060488
44.11283073	0.23021113578	0.0087005616829
44.112830731	0.23075847625	0.0086876770458
44.112830731	0.23123763045	0.0086670705773
44.112830731	0.23165595433	0.008649111289
44.112830731	0.23202084516	0.0086334927403
44.112830732	0.23233954944	0.0086199151573
44.112830732	0.23261901476	0.0086080910668
44.112830732	0.23286579095	0.0085977494231
44.112830733	0.23308597759	0.0085886380812
44.112830733	0.23328520998	0.0085805247519
44.112830733	0.2334686714	0.0085731967328
44.112830733	0.23364111624	0.008566459851
44.112830734	0.23380688821	0.0085601371549
44.112830734	0.23396992129	0.0085540679117
44.112830734	0.23413371879	0.0085481073337
44.112830734	0.23430131463	0.008542127167
44.112830735	0.23447522329	0.0085360169796
44.112830735	0.23465738225	0.0085296858743
44.112830735	0.23484908528	0.0085230644817
44.112830736	0.23505090407	0.0085161072593
44.112830736	0.23526259756	0.0085087951815
44.112830736	0.23548301366	0.0085011388159
44.112830736	0.23570999342	0.0084931816053
44.112830737	0.23594029172	0.0084850029943
44.112830737	0.2361695314	0.0084767208917
44.112830737	0.23639220729	0.0084684929006
44.112830737	0.23660175322	0.0084605157798
44.112830738	0.23679067947	0.0084530227387
44.112830738	0.23695078004	0.0084462783942
44.112830738	0.23707340059	0.008440571496
44.112830738	0.23714974985	0.0084362058123
44.112830739	0.23768591809	0.008433489815
44.112830739	0.2384416641	0.0084144656782
44.112830739	0.23910618488	0.0083877958475
44.11283074	0.2396847503	0.008364484595
44.11283074	0.24018351506	0.0083442939005
44.11283074	0.24060929271	0.0083269661513
44.11283074	0.24096932683	0.0083122309095
44.112830741	0.24127107595	0.0082998115416
44.112830741	0.24152202246	0.0082894312638
44.112830741	0.24172951245	0.0082808183686
44.112830741	0.24190063019	0.008273710478
44.112830742	0.24204210725	0.0082678577497
44.112830742	0.2421602623	0.0082630250692
44.112830742	0.24226096401	0.0082589933668
44.112830742	0.24234960622	0.0082555603136
44.112830743	0.2424310835	0.0082525407457
44.112830743	0.2425097582	0.008249767196
44.112830743	0.24258941614	0.0082470908174
44.112830743	0.24267321509	0.0082443827594
44.112830744	0.24276363143	0.0082415358418
44.112830744	0.24286240684	0.0082384663147
44.112830744	0.24297049319	0.0082351156198
44.112830745	0.24308799334	0.008231452197
44.112830745	0.24321409848	0.0082274734039
44.112830745	0.24334702804	0.0082232075053
44.112830745	0.24348398254	0.008218715536
44.112830746	0.24362112284	0.0082140926854
44.112830746	0.24375358942	0.0082094687715
44.112830746	0.24387557272	0.0082050073795
44.112830746	0.24398043986	0.0082009033448
44.112830747	0.24406091665	0.0081973784503
44.112830747	0.24410931559	0.0081946754419
44.112830747	0.24471478468	0.008193050704
44.112830747	0.24568876144	0.0081727795999
44.112830748	0.24656012033	0.0081403804889
44.112830748	0.24733022829	0.0081116118752
44.112830748	0.24800188744	0.0080863548861
44.112830748	0.24857922934	0.0080644547535
44.112830749	0.24906756184	0.0080457245172
44.112830749	0.24947318489	0.0080299497261
44.112830749	0.24980318542	0.0080168936829
44.112830749	0.25006522146	0.0080063030287
44.11283075	0.25026730566	0.0079979134578
44.11283075	0.25041759769	0.007991455355
44.11283075	0.25052421313	0.0079866591585
44.11283075	0.25059505481	0.0079832602805
44.112830751	0.25063766914	0.0079810034619
44.112830751	0.25065912708	0.0079796465026
44.112830751	0.25066592545	0.0079789633966
44.112830751	0.25066390184	0.0079787469972
44.112830752	0.25065815609	0.0079788114098
44.112830752	0.25065297556	0.0079789943051
44.112830752	0.2506517668	0.0079791592163
44.112830752	0.25065700033	0.0079791976953
44.112830753	0.25067017264	0.0079790310956
44.112830753	0.25069178622	0.0079786118106
44.112830753	0.25072134567	0.0079779239285
44.112830753	0.25075736887	0.0079769833503
44.112830754	0.25079741487	0.0079758373963
44.112830754	0.25083813263	0.0079745638569
44.112830754	0.25087533552	0.007973269371
44.112830754	0.25090410538	0.0079720869964
44.112830755	0.25091892704	0.0079711728787
44.112830755	0.25091384935	0.0079707020256
44.112830755	0.25088266492	0.0079708633268
44.112830755	0.2515167866	0.0079718540961
44.112830756	0.25267633219	0.0079517555351
44.112830756	0.25373210484	0.0079152644914
44.112830756	0.25468148917	0.0078823292828
44.112830756	0.25552342744	0.0078529460719
44.112830757	0.25625847631	0.0078270709658
44.112830757	0.25688879689	0.0078046198853
44.112830757	0.25741808938	0.0077854699161
44.112830757	0.25785147546	0.0077694617532
44.112830758	0.25819533425	0.0077564031636
44.112830758	0.25845709968	0.0077460733588
44.112830758	0.258645029	0.0077382281333
44.112830758	0.25876795312	0.0077326056013
44.112830759	0.2588350199	0.0077289323344
44.112830759	0.25885544097	0.0077269296896
44.112830759	0.25883825151	0.0077263201133
44.112830759	0.25879209007	0.0077268332185
44.11283076	0.25872500252	0.0077282114744
44.11283076	0.25864427076	0.0077302154046
44.11283076	0.25855626425	0.0077326282702
44.11283076	0.25846631183	0.007735260276
44.112830761	0.25837859513	0.0077379523305
44.112830761	0.25829606994	0.0077405792805
44.112830761	0.25822042459	0.0077430523835
44.112830761	0.25815208218	0.0077453207011
44.112830762	0.25809024846	0.0077473711741
44.112830762	0.25803300287	0.007749227303
44.112830762	0.25797742809	0.0077509464982
44.112830762	0.25791977217	0.0077526162457
44.112830763	0.25785563617	0.0077543492814
44.112830763	0.25778017817	0.0077562780077
44.112830763	0.25768832262	0.007758548443
44.112830763	0.25757496183	0.0077613140545
44.112830764	0.25743513571	0.0077647298706
44.112830764	0.25834978658	0.0077689472903
44.112830764	0.25964312074	0.0077414424314
44.112830764	0.2608365449	0.0077028807629
44.112830765	0.2619243246	0.0076676372199
44.112830765	0.26290217912	0.007635793289
44.112830765	0.26376746239	0.0076073922502
44.112830765	0.26451928044	0.0075824363698
44.112830766	0.26515854661	0.0075608855305
44.112830766	0.26568797106	0.0075426571219
44.112830766	0.2661119846	0.0075276272089
44.112830766	0.26643660038	0.0075156329504
44.112830767	0.26666921963	0.0075064762015
44.112830767	0.26681839045	0.0074999281986
44.112830767	0.26689353037	0.007495735195
44.112830767	0.26690462463	0.0074936248819
44.112830767	0.26686191299	0.007493313399
44.112830768	0.26677557727	0.0074945127148
44.112830768	0.266655441	0.0074969381397
44.112830768	0.26651069045	0.0075003157351
44.112830768	0.26634962372	0.0075043893984
44.112830769	0.26617943197	0.0075089274467
44.112830769	0.26600601559	0.0075137285598
44.112830769	0.26583383987	0.0075186269589
44.112830769	0.26566583898	0.0075234966361
44.11283077	0.26550338064	0.00752825432
44.11283077	0.2653463024	0.0075328607689
44.11283077	0.26519302416	0.0075373200301
44.11283077	0.26504073275	0.0075416765066
44.112830771	0.26488562756	0.0075460099255
44.112830771	0.26472321013	0.0075504285319
44.112830771	0.26454859701	0.0075550609976
44.112830771	0.26435683233	0.0075600476532
44.112830772	0.26414317595	0.0075655317184
44.112830772	0.26390334413	0.0075716512184
44.112830772	0.26396357798	0.0075785322334
44.112830772	0.26542372249	0.0075768028881
44.112830772	0.26679677241	0.0075351215077
44.112830773	0.26807386076	0.0074963425605
44.112830773	0.2692471592	0.0074606304185
44.112830773	0.27031018704	0.0074281192267
44.112830773	0.27125805756	0.0073989072402
44.112830774	0.27208767326	0.0073730528706
44.112830774	0.27279785866	0.00735057188
44.112830774	0.27338942348	0.0073314358471
44.112830774	0.27386515288	0.0073155719578
44.112830775	0.27422972494	0.0073028641247
44.112830775	0.27448955896	0.0072931554026
44.112830775	0.27465260096	0.0072862516432
44.112830775	0.27472805511	0.0072819263062
44.112830776	0.27472607184	0.0072799263228
44.112830776	0.274657405	0.0072799788772
44.112830776	0.27453305127	0.0072817989378
44.112830776	0.27436388549	0.0072850973344
44.112830776	0.2741603055	0.0072895891397
44.112830777	0.27393189904	0.0072950020841
44.112830777	0.27368714407	0.0073010847111
44.112830777	0.27343315205	0.0073076139793
44.112830777	0.27317546327	0.0073144020211
44.112830778	0.27291790445	0.0073213017599
44.112830778	0.2726625218	0.0073282110384
44.112830778	0.27240960362	0.0073350748274
44.112830778	0.27215780243	0.0073418850637
44.112830779	0.27190435594	0.0073486777971
44.112830779	0.27164539448	0.0073555276194
44.112830779	0.27137631152	0.0073625396955
44.112830779	0.27109216695	0.007369840016
44.112830779	0.27078808888	0.0073775646951
44.11283078	0.27045963936	0.0073858492382
44.11283078	0.27010311253	0.0073948187047
44.11283078	0.26982818305	0.0074045796114
44.11283078	0.27138910028	0.00741212418
44.112830781	0.27287555701	0.0073694927245
44.112830781	0.2742768673	0.0073293483003
44.112830781	0.27558303467	0.0072919018643
44.112830781	0.27678510725	0.0072573407952
44.112830782	0.27787548233	0.0072258222991
44.112830782	0.2788481755	0.0071974683884
44.112830782	0.2796990385	0.007172361793
44.112830782	0.2804259148	0.0071505429933
44.112830782	0.28102872493	0.0071320084715
44.112830783	0.2815094778	0.0071167102242
44.112830783	0.28187220735	0.0071045565343
44.112830783	0.28212283654	0.0070954139779
44.112830783	0.28226897382	0.0070891106319
44.112830784	0.28231964893	0.0070854404326
44.112830784	0.28228499729	0.0070841686279
44.112830784	0.28217590412	0.0070850382387
44.112830784	0.2820036209	0.007087777414
44.112830784	0.28177936849	0.0070921075183
44.112830785	0.28151394233	0.0070977517293
44.112830785	0.28121733606	0.0071044438632
44.112830785	0.28089839995	0.0071119370804
44.112830785	0.28056454981	0.0071200120769
44.112830786	0.2802215412	0.0071284843411
44.112830786	0.27987332217	0.0071372100497
44.112830786	0.27952197826	0.0071460901828
44.112830786	0.27916778212	0.0071550724291
44.112830787	0.27880935536	0.007164150479
44.112830787	0.27844393964	0.0071733604398
44.112830787	0.27806776011	0.0071827743947
44.112830787	0.27767645184	0.0071924914963
44.112830787	0.27726551147	0.0072026273268
44.112830788	0.27683073337	0.0072133024747
44.112830788	0.27636859061	0.0072246313684
44.112830788	0.27587652666	0.0072367123759
44.112830788	0.27614572944	0.0072496200537
44.112830789	0.27775499622	0.0072425527059
44.112830789	0.27929861036	0.0072005905464
44.112830789	0.28076489141	0.0071607946685
44.112830789	0.2821426952	0.0071233977652
44.112830789	0.28342175656	0.0070886116636
44.11283079	0.28459300072	0.0070566212851
44.11283079	0.28564882883	0.0070275797189
44.11283079	0.28658336182	0.0070016040612
44.11283079	0.28739263041	0.0069787722054
44.112830791	0.28807470237	0.0069591206884
44.112830791	0.28862974135	0.0069426436391
44.112830791	0.28905999457	0.0069292928394
44.112830791	0.28936970896	0.0069189788888
44.112830791	0.28956497805	0.006911573458
44.112830792	0.28965352355	0.0069069126158
44.112830792	0.28964441803	0.0069048012103
44.112830792	0.28954775698	0.0069050182759
44.112830792	0.28937429103	0.0069073234096
44.112830793	0.28913503122	0.0069114640174
44.112830793	0.28884084314	0.0069171832675
44.112830793	0.28850204769	0.0069242285068
44.112830793	0.28812804826	0.0069323598083
44.112830793	0.28772700467	0.0069413582332
44.112830794	0.28730557306	0.006951033332
44.112830794	0.28686872832	0.006961229393
44.112830794	0.28641968182	0.0069718299786
44.112830794	0.28595990379	0.0069827603582
44.112830795	0.28548925517	0.0069939875258
44.112830795	0.28500622714	0.007005517594
44.112830795	0.28450827548	0.0070173905324
44.112830795	0.28399222433	0.0070296724993
44.112830795	0.28345470363	0.0070424463372
44.112830796	0.28289257965	0.007055801066
44.112830796	0.28230333778	0.0070698213524
44.112830796	0.28168538159	0.0070845779427
44.112830796	0.28136396341	0.007100119959
44.112830797	0.28302958818	0.007108230833
44.112830797	0.28464525416	0.007066399004
44.112830797	0.2861986164	0.0070262896387
44.112830797	0.28767758985	0.006988153979
44.112830797	0.28907066604	0.0069522273216
44.112830798	0.29036720599	0.0069187234645
44.112830798	0.29155772539	0.0068878301639
44.112830798	0.29263415632	0.0068597050457
44.112830798	0.29359007226	0.006834472179
44.112830799	0.29442086594	0.006812219448
44.112830799	0.29512387189	0.0067929967993
44.112830799	0.29569842817	0.0067768154003
44.112830799	0.2961458741	0.0067636477217
44.112830799	0.2964694825	0.0067534285463
44.1128308	0.29667432723	0.0067460569065
44.1128308	0.29676708838	0.0067413989564
44.1128308	0.29675579986	0.0067392917823
44.1128308	0.29664954628	0.0067395481434
44.1128308	0.29645811896	0.0067419621066
44.112830801	0.29619164381	0.0067463154898
44.112830801	0.2958601974	0.0067523849568
44.112830801	0.29547343002	0.0067599495221
44.112830801	0.29504021731	0.006768798128
44.112830802	0.29456836176	0.0067787368728
44.112830802	0.29406436435	0.0067895954205
44.112830802	0.29353328157	0.0068012321195
44.112830802	0.29297867725	0.0068135374269
44.112830802	0.29240267213	0.0068264353528
44.112830803	0.29180608844	0.0068398827735
44.112830803	0.29118868196	0.0068538665888
44.112830803	0.2905494466	0.0068683988215
44.112830803	0.28988696832	0.0068835099271
44.112830804	0.28919979659	0.0068992408028
44.112830804	0.28848679787	0.0069156341865
44.112830804	0.28774745557	0.0069327262626
44.112830804	0.28698208556	0.0069505393056
44.112830804	0.28720249737	0.0069690761223
44.112830805	0.2888785274	0.0069637277472
44.112830805	0.29051469701	0.0069233252399
44.112830805	0.2920985198	0.0068843332905
44.112830805	0.29361770813	0.0068470049124
44.112830805	0.29506043096	0.0068115782686
44.112830806	0.29641556213	0.006778272483
44.112830806	0.29767292893	0.0067472840685
44.112830806	0.29882354815	0.0067187836234
44.112830806	0.29985983805	0.006692912966
44.112830807	0.30077579626	0.0066697828325
44.112830807	0.30156713556	0.0066494712171
44.112830807	0.30223137112	0.0066320224062
44.112830807	0.30276785438	0.006617446735
44.112830807	0.30317775076	0.0066057210864
44.112830808	0.30346395948	0.0065967901503
44.112830808	0.30363097625	0.0065905684596
44.112830808	0.30368470104	0.0065869432186
44.112830808	0.30363219612	0.0065857779242
44.112830808	0.30348140233	0.006586916755
44.112830809	0.30324082463	0.0065901896613
44.112830809	0.3029192019	0.0065954180227
44.112830809	0.30252517832	0.00660242067
44.112830809	0.30206699629	0.0066110199855
44.112830809	0.301552231	0.0066210477296
44.11283081	0.30098758492	0.0066323502014
44.11283081	0.30037875627	0.0066447923444
44.11283081	0.29973038879	0.0066582604736
44.11283081	0.29904610231	0.0066726634162
44.112830811	0.29832859726	0.0066879320096
44.112830811	0.29757982157	0.0067040170414
44.112830811	0.29680118639	0.0067208858095
44.112830811	0.29599381409	0.0067385175386
44.112830811	0.29515879754	0.0067568979646
44.112830812	0.29429744548	0.006776013511
44.112830812	0.2934114872	0.0067958456001
44.112830812	0.29250321119	0.006816365709
44.112830812	0.29204884632	0.0068375317722
44.112830812	0.29372636148	0.0068481694936
44.112830813	0.2953804555	0.0068090585739
44.112830813	0.29699884609	0.006770928688
44.112830813	0.29856931816	0.0067340328971
44.112830813	0.30007991988	0.0066986119416
44.112830814	0.30151914663	0.0066648911422
44.112830814	0.30287613619	0.00663307794
44.112830814	0.30414086639	0.0066033594629
44.112830814	0.30530434566	0.0065759002521
44.112830814	0.30635878747	0.006550840263
44.112830815	0.30729776056	0.0065282932359
44.112830815	0.30811630731	0.0065083455095
44.112830815	0.30881102425	0.0064910553338
44.112830815	0.30938009957	0.0064764527265
44.112830815	0.30982330407	0.0064645399066
44.112830816	0.31014193367	0.006455292335
44.112830816	0.31033870343	0.0064486603805
44.112830816	0.3104175956	0.0064445716178
44.112830816	0.31038366688	0.0064429337394
44.112830816	0.31024282308	0.0064436380307
44.112830817	0.31000157271	0.0064465633085
44.112830817	0.30966677346	0.0064515801727
44.112830817	0.30924538761	0.0064585553616
44.112830817	0.30874426296	0.0064673559579
44.112830817	0.30816995451	0.0064778531617
44.112830818	0.307528599	0.0064899253503
44.112830818	0.30682584942	0.0065034601872
44.112830818	0.30606686999	0.0065183556202
44.112830818	0.30525638506	0.0065345197279
44.112830818	0.30439876989	0.0065518695034
44.112830819	0.30349816821	0.0065703287852
44.112830819	0.30255862212	0.0065898256052
44.112830819	0.30158420161	0.0066102892259
44.112830819	0.30057912106	0.0066316471133
44.11283082	0.29954782868	0.0066538221049
44.11283082	0.29849505321	0.0066767300862
44.11283082	0.29742579338	0.0067002785422
44.11283082	0.29765226591	0.0067243663613
44.11283082	0.29929672059	0.0067192500412
44.112830821	0.30092786519	0.0066823318212
44.112830821	0.30253395361	0.0066461110164
44.112830821	0.30410331638	0.0066108282265
44.112830821	0.30562448295	0.00657671223
44.112830821	0.30708630088	0.0065439783512
44.112830822	0.30847806914	0.0065128271573
44.112830822	0.30978968082	0.0064834430712
44.112830822	0.31101176919	0.0064559929649
44.112830822	0.31213585018	0.0064306248127
44.112830822	0.31315445415	0.0064074664889
44.112830823	0.31406123993	0.00638662479
44.112830823	0.31485108443	0.0063681847543
44.112830823	0.3155201425	0.0063522093424
44.112830823	0.31606587234	0.0063387395306
44.112830823	0.31648702396	0.0063277948525
44.112830824	0.31678359019	0.0063193744089
44.112830824	0.31695672174	0.0063134583418
44.112830824	0.3170086113	0.0063100097359
44.112830824	0.31694235357	0.0063089768818
44.112830824	0.3167617911	0.0063102957919
44.112830825	0.31647135724	0.0063138928248
44.112830825	0.31607592836	0.0063196872457
44.112830825	0.31558069671	0.0063275935322
44.112830825	0.31499107346	0.0063375232417
44.112830825	0.31431262808	0.0063493862794
44.112830826	0.31355106564	0.0063630914615
44.112830826	0.3127122391	0.0063785463331
44.112830826	0.31180218801	0.0063956562933
44.112830826	0.31082719104	0.0064143231731
44.112830826	0.30979381672	0.0064344435033
44.112830827	0.30870895784	0.0064559067744
44.112830827	0.30757983828	0.0064785939935
44.112830827	0.30641398601	0.0065023767851
44.112830827	0.30521916882	0.0065271172052
44.112830828	0.30400328928	0.0065526683914
44.112830828	0.3027742351	0.006578876185
44.112830828	0.30241806669	0.0066055818762
44.112830828	0.3040082617	0.0066133615027
44.112830828	0.30560054651	0.0065787685797
44.112830829	0.30718399876	0.0065444909141
44.112830829	0.30874774094	0.0065107557949
44.112830829	0.31028100241	0.0064777801902
44.112830829	0.31177316662	0.0064457700745
44.112830829	0.31321383305	0.0064149202502
44.11283083	0.31459289467	0.0063854140173
44.11283083	0.31590062921	0.0063574226688
44.11283083	0.31712780074	0.0063311048319
44.11283083	0.31826576595	0.0063066057134
44.11283083	0.31930657939	0.0062840563264
44.112830831	0.32024309093	0.0062635727827
44.112830831	0.32106902956	0.0062452557342
44.112830831	0.32177906815	0.0062291900367
44.112830831	0.32236886568	0.0062154446885
44.112830831	0.3228350849	0.0062040730756
44.112830832	0.32317538612	0.0061951135225
44.112830832	0.32338839996	0.0061885901151
44.112830832	0.3234736842	0.0061845137311
44.112830832	0.3234316717	0.0061828831763
44.112830832	0.32326361725	0.0061836863083
44.112830833	0.32297155107	0.0061869010099
44.112830833	0.32255824589	0.006192495882
44.112830833	0.32202720175	0.006200430544
44.112830833	0.32138265041	0.0062106554636
44.112830833	0.32062957715	0.0062231112895
44.112830834	0.31977375509	0.0062377277161
44.112830834	0.31882178319	0.0062544219723
44.112830834	0.31778111689	0.0062730970889
44.112830834	0.31666007789	0.0062936401621
44.112830834	0.31546782901	0.006315920887
44.112830835	0.31421430156	0.006339790673
44.112830835	0.31291006738	0.0063650826524
44.112830835	0.31156615445	0.0063916128259
44.112830835	0.31019381049	0.0064191824799
44.112830835	0.30880422144	0.0064475819064
44.112830836	0.30740819215	0.0064765953997
44.112830836	0.30801163448	0.0065060074879
44.112830836	0.30952834887	0.0064932612151
44.112830836	0.3110563167	0.0064614437007
44.112830836	0.31258571826	0.0064297038594
44.112830837	0.31410678595	0.0063982449713
44.112830837	0.31560979823	0.0063672613565
44.112830837	0.31708506705	0.0063369388758
44.112830837	0.31852293815	0.0063074556573
44.112830837	0.3199138094	0.0062789826429
44.112830838	0.32124816896	0.0062516838637
44.112830838	0.32251665225	0.0062257164188
44.112830838	0.32371011449	0.0062012301878
44.112830838	0.32481971401	0.0061783673431
44.112830838	0.32583700078	0.0061572617477
44.112830839	0.32675400462	0.0061380383296
44.112830839	0.32756331839	0.0061208125126
44.112830839	0.32825817289	0.0061056897635
44.112830839	0.32883250181	0.0060927652841
44.112830839	0.32928099754	0.0060821238442
44.11283084	0.32959916013	0.0060738397143
44.11283084	0.32978334336	0.0060679766271
44.11283084	0.32983080234	0.0060645876764
44.11283084	0.32973974709	0.0060637150497
44.11283084	0.32950940501	0.0060653895008
44.11283084	0.32914009336	0.0060696294843
44.112830841	0.32863330036	0.0060764399122
44.112830841	0.32799177065	0.0060858105304
44.112830841	0.32721958843	0.0060977139641
44.112830841	0.32632224954	0.0061121035253
44.112830841	0.32530671194	0.0061289109242
44.112830842	0.32418141342	0.006148044066
44.112830842	0.3229562444	0.0061693851566
44.112830842	0.32164246432	0.0061927893785
44.112830842	0.32025255082	0.0062180844318
44.112830842	0.31879997444	0.0062450712567
44.112830843	0.31729889799	0.0062735262244
44.112830843	0.31576380716	0.006303204999
44.112830843	0.31420908593	0.0063338481315
44.112830843	0.31264855315	0.0063651883079
44.112830843	0.31293380347	0.0063969590771
44.112830844	0.31434929661	0.0063911280207
44.112830844	0.31578911146	0.0063623492134
44.112830844	0.3172447656	0.0063333405979
44.112830844	0.31870780799	0.006304280533
44.112830844	0.32016977141	0.0062753404524
44.112830845	0.32162210438	0.0062466859104
44.112830845	0.32305610889	0.0062184780608
44.112830845	0.3244628941	0.0061908750367
44.112830845	0.32583335293	0.0061640330415
44.112830845	0.32715816435	0.0061381070477
44.112830846	0.32842782168	0.0061132510752
44.112830846	0.32963268444	0.0060896180773
44.112830846	0.33076305008	0.0060673595017
44.112830846	0.33180924117	0.0060466246139
44.112830846	0.33276170384	0.0060275596694
44.112830847	0.33361111434	0.0060103070062
44.112830847	0.33434849163	0.0059950041052
44.112830847	0.33496531579	0.0059817826313
44.112830847	0.33545365287	0.0059707674369
44.112830847	0.33580628772	0.0059620754846
44.112830848	0.33601686617	0.0059558146264
44.112830848	0.33608004718	0.005952082176
44.112830848	0.33599166366	0.0059509632208
44.112830848	0.33574888918	0.0059525286379
44.112830848	0.33535040503	0.005956832813
44.112830848	0.3347965602	0.0059639110912
44.112830849	0.33408951537	0.0059737770268
44.112830849	0.33323336038	0.0059864195312
44.112830849	0.3322341944	0.006001800053
44.112830849	0.33110015782	0.0060198499544
44.112830849	0.32984140531	0.0060404682775
44.11283085	0.32847001008	0.0060635201275
44.11283085	0.32699979054	0.0060888359321
44.11283085	0.32544605196	0.0061162118688
44.11283085	0.32382523921	0.0061454117754
44.11283085	0.32215450247	0.0061761708411
44.112830851	0.32045118644	0.0062082012968
44.112830851	0.31873226168	0.0062412001722
44.112830851	0.31739017741	0.0062748589975
44.112830851	0.31866365078	0.0063013922369
44.112830851	0.31997614985	0.0062762100262
44.112830852	0.32132075822	0.0062504658579
44.112830852	0.32269056958	0.0062243099732
44.112830852	0.32407864379	0.0061978879723
44.112830852	0.32547790531	0.0061713415504
44.112830852	0.32688102894	0.0061448103461
44.112830853	0.32828032923	0.0061184339956
44.112830853	0.32966766676	0.0060923540703
44.112830853	0.33103438028	0.0060667156705
44.112830853	0.33237125029	0.006041668537
44.112830853	0.33366849629	0.0060173676222
44.112830854	0.33491580761	0.0059939731266
44.112830854	0.33610240563	0.0059716500523
44.112830854	0.33721713505	0.0059505673464
44.112830854	0.33824858104	0.0059308967193
44.112830854	0.33918521003	0.0059128112049
44.112830854	0.34001553244	0.0058964835166
44.112830855	0.34072828594	0.0058820842261
44.112830855	0.34131263812	0.0058697797703
44.112830855	0.34175840693	0.0058597302785
44.112830855	0.34205629618	0.0058520872039
44.112830855	0.34219814176	0.0058469907508
44.112830856	0.34217716281	0.005844567097
44.112830856	0.34198820995	0.0058449254286
44.112830856	0.34162800174	0.0058481548247
44.112830856	0.34109533908	0.0058543210445
44.112830856	0.34039128681	0.0058634632927
44.112830856	0.33951931189	0.005875591055
44.112830857	0.3384853674	0.0058906811187
44.112830857	0.33729791249	0.0059086749167
44.112830857	0.33596785932	0.0059294763647
44.112830857	0.33450843866	0.0059529503925
44.112830857	0.33293497774	0.0059789224093
44.112830858	0.33126458471	0.00600717898
44.112830858	0.32951573689	0.0060374700234
44.112830858	0.32770777427	0.0060695128521
44.112830858	0.32586030688	0.0061029983327
44.112830858	0.32399255432	0.0061375993264
44.112830859	0.32273596488	0.0061729813644
44.112830859	0.32386913666	0.0061970161917
44.112830859	0.32504970066	0.0061753337185
44.112830859	0.32627256774	0.0061529052201
44.112830859	0.32753259783	0.0061298441787
44.11283086	0.32882454068	0.00610626244
44.11283086	0.33014291008	0.0060822710978
44.11283086	0.3314818337	0.0060579825855
44.11283086	0.33283489799	0.0060335131421
44.11283086	0.33419500475	0.0060089852719
44.112830861	0.33555425221	0.005984529905
44.112830861	0.3369038501	0.0059602880513
44.112830861	0.33823407461	0.0059364118261
44.112830861	0.33953426647	0.0059130647978
44.112830861	0.34079287317	0.0058904216673
44.112830861	0.34199753479	0.0058686673269
44.112830862	0.34313521205	0.00584799537
44.112830862	0.34419235452	0.0058286061289
44.112830862	0.34515510646	0.0058107043162
44.112830862	0.34600954723	0.0057944963368
44.112830862	0.34674196197	0.0057801873272
44.112830863	0.34733913729	0.005767977976
44.112830863	0.34778867512	0.0057580611721
44.112830863	0.34807931638	0.0057506185309
44.112830863	0.34820126507	0.0057458168466
44.112830863	0.3481465023	0.0057438045196
44.112830863	0.34790907954	0.0057447080088
44.112830864	0.34748538007	0.0057486283562
44.112830864	0.34687433833	0.0057556378332
44.112830864	0.34607760693	0.005765776764
44.112830864	0.34509966206	0.0057790505944
44.112830864	0.34394783881	0.005795427292
44.112830865	0.34263228831	0.0058148351998
44.112830865	0.3411658502	0.0058371614943
44.112830865	0.33956383439	0.00586225145
44.112830865	0.3378437078	0.005889908752
44.112830865	0.33602468322	0.0059198971413
44.112830866	0.33412721001	0.0059519437109
44.112830866	0.33217237063	0.0059857441719
44.112830866	0.33018119453	0.006020970366
44.112830866	0.3281739108	0.0060572801635
44.112830866	0.32876314062	0.0060943296654
44.112830866	0.32977543258	0.0060834070274
44.112830867	0.33083995293	0.0060647331559
44.112830867	0.33195357253	0.0060452190925
44.112830867	0.33311298996	0.0060249389238
44.112830867	0.33431461677	0.0060039688042
44.112830867	0.33555441454	0.0059823887431
44.112830868	0.33682770886	0.005960285168
44.112830868	0.33812900038	0.0059377537756
44.112830868	0.33945179051	0.005914902294
44.112830868	0.34078843626	0.005891852852
44.112830868	0.34213004545	0.0058687437342
44.112830869	0.34346642047	0.0058457303782
44.112830869	0.344786056	0.0058229855405
44.112830869	0.34607619384	0.0058006986222
44.112830869	0.34732293552	0.0057790741912
44.112830869	0.34851141209	0.0057583297717
44.112830869	0.34962600794	0.0057386929971
44.11283087	0.35065063404	0.0057203982387
44.11283087	0.35156904394	0.0057036828279
44.11283087	0.35236518362	0.0056887829986
44.11283087	0.35302356511	0.0056759296689
44.11283087	0.35352965202	0.00566534418
44.112830871	0.3538702448	0.0056572340922
44.112830871	0.35403385331	0.0056517891215
44.112830871	0.3540110447	0.0056491772786
44.112830871	0.35379475567	0.00564954125
44.112830871	0.35338055899	0.0056529950428
44.112830871	0.35276687541	0.0056596209076
44.112830872	0.35195512307	0.0056694665498
44.112830872	0.35094979721	0.0056825426564
44.112830872	0.34975847365	0.0056988207884
44.112830872	0.34839173038	0.0057182317246
44.112830872	0.34686298171	0.005740664389
44.112830873	0.34518822098	0.0057659655411
44.112830873	0.34338566845	0.0057939404604
44.112830873	0.34147532295	0.0058243548981
44.112830873	0.33947841787	0.0058569386003
44.112830873	0.33741678595	0.005891390718
44.112830873	0.33531214284	0.0059273873834
44.112830874	0.33360477603	0.0059645916282
44.112830874	0.33441010699	0.005995118007
44.112830874	0.33527411601	0.0059806804825
44.112830874	0.33619604675	0.0059652681328
44.112830874	0.3371748739	0.0059489099272
44.112830875	0.33820926154	0.0059316400918
44.112830875	0.33929743341	0.0059134986159
44.112830875	0.34043699156	0.0058945332415
44.112830875	0.34162470563	0.0058748022383
44.112830875	0.34285629442	0.0058543775289
44.112830876	0.34412621923	0.0058333477686
44.112830876	0.3454275064	0.0058118210361
44.112830876	0.34675161348	0.0057899268673
44.112830876	0.34808835072	0.0057678174297
44.112830876	0.3494258666	0.0057456677188
44.112830876	0.35075070302	0.0057236747223
44.112830877	0.35204792248	0.0057020555705
44.112830877	0.35330130658	0.005681044745
44.112830877	0.35449362124	0.0056608904716
44.112830877	0.35560694137	0.0056418504599
44.112830877	0.35662302421	0.0056241871778
44.112830878	0.35752371832	0.0056081628616
44.112830878	0.3582913938	0.0055940344584
44.112830878	0.35890937851	0.0055820486749
44.112830878	0.35936238542	0.0055724372774
44.112830878	0.35963691754	0.0055654127453
44.112830878	0.35972163814	0.0055611643368
44.112830879	0.35960769627	0.0055598545875
44.112830879	0.359288999	0.00556161623
44.112830879	0.35876242349	0.0055665495062
44.112830879	0.35802796313	0.0055747198399
44.112830879	0.35708880291	0.005586155848
44.112830879	0.35595131922	0.0056008476986
44.11283088	0.35462500005	0.0056187458565
44.11283088	0.35312228153	0.0056397603094
44.11283088	0.35145829737	0.0056637604156
44.11283088	0.34965053855	0.0056905755675
44.11283088	0.34771842206	0.0057199969098
44.112830881	0.34568276936	0.0057517803864
44.112830881	0.34356519776	0.0057856514043
44.112830881	0.34138743207	0.0058213113931
44.112830881	0.33925053756	0.0058584464808
44.112830881	0.33987797029	0.0058953480646
44.112830881	0.3405652964	0.0058844649398
44.112830882	0.34131425247	0.0058725889606
44.112830882	0.34212615523	0.005859702563
44.112830882	0.34300188487	0.0058457968484
44.112830882	0.34394177417	0.005830871748
44.112830882	0.34494543318	0.0058149377314
44.112830883	0.34601153084	0.0057980184911
44.112830883	0.34713755586	0.0057801541907
44.112830883	0.34831957884	0.0057614048559
44.112830883	0.34955203608	0.0057418535205
44.112830883	0.35082755391	0.0057216087837
44.112830883	0.35213682946	0.0057008065009
44.112830884	0.35346858122	0.0056796104033
44.112830884	0.35480957842	0.005658211525
44.112830884	0.35614475448	0.0056368264039
44.112830884	0.35745740465	0.0056156941099
44.112830884	0.35872946326	0.0055950722352
44.112830885	0.35994185121	0.0055752320477
44.112830885	0.36107488035	0.0055564530584
44.112830885	0.36210869845	0.0055390172755
44.112830885	0.36302375706	0.0055232034153
44.112830885	0.36380128417	0.0055092813103
44.112830885	0.36442374485	0.0054975067077
44.112830886	0.36487527502	0.0054881165902
44.112830886	0.3651420759	0.0054813250909
44.112830886	0.3652127596	0.0054773200132
44.112830886	0.36507863828	0.0054762599263
44.112830886	0.36473395174	0.0054782717758
44.112830886	0.36417602951	0.0054834489371
44.112830887	0.36340538416	0.0054918496494
44.112830887	0.36242573337	0.0055034957851
44.112830887	0.36124394805	0.0055183719472
44.112830887	0.35986992381	0.0055364249305
44.112830887	0.35831637323	0.0055575636297
44.112830888	0.35659853663	0.0055816595317
44.112830888	0.35473380989	0.0056085479737
44.112830888	0.35274128931	0.0056380303886
44.112830888	0.35064123549	0.0056698777846
44.112830888	0.34845446079	0.005703835709
44.112830888	0.34620164897	0.0057396309275
44.112830889	0.34538998441	0.005776979994
44.112830889	0.34587699925	0.0057905558651
44.112830889	0.34642419861	0.0057824024274
44.112830889	0.34703560511	0.0057732687499
44.112830889	0.34771466939	0.0057630974187
44.11283089	0.34846421751	0.0057518424618
44.11283089	0.34928631722	0.0057394702224
44.11283089	0.35018208218	0.005725961486
44.11283089	0.35115143459	0.0057113144898
44.11283089	0.35219284876	0.0056955484244
44.11283089	0.35330309866	0.0056787070125
44.112830891	0.35447703215	0.0056608617575
44.112830891	0.35570739279	0.0056421144914
44.112830891	0.35698470766	0.0056225989129
44.112830891	0.3582972561	0.0056024808825
44.112830891	0.3596311291	0.0055819573439
44.112830891	0.36097038338	0.0055612538465
44.112830892	0.36229728812	0.0055406207603
44.112830892	0.36359265567	0.0055203283755
44.112830892	0.36483624259	0.0055006611624
44.112830892	0.3660072031	0.0054819115167
44.112830892	0.36708457478	0.0054643733322
44.112830893	0.36804777609	0.0054483357172
44.112830893	0.3688770962	0.0054340771224
44.112830893	0.3695541602	0.0054218600738
44.112830893	0.37006235598	0.0054119266278
44.112830893	0.37038721207	0.0054044945877
44.112830893	0.37051671915	0.0053997544592
44.112830894	0.37044159034	0.0053978670777
44.112830894	0.37015545744	0.0053989618125
44.112830894	0.36965500128	0.0054031352499
44.112830894	0.36894001546	0.005410450266
44.112830894	0.36801340222	0.0054209354263
44.112830894	0.36688109967	0.0054345846862
44.112830895	0.36555193892	0.0054513574065
44.112830895	0.36403742956	0.0054711787494
44.112830895	0.36235147227	0.0054939405611
44.112830895	0.36050999772	0.0055195028945
44.112830895	0.35853053237	0.0055476963541
44.112830895	0.3564316935	0.0055783254686
44.112830896	0.3542326185	0.0056111732948
44.112830896	0.35195233633	0.0056460074414
44.112830896	0.35144670007	0.0056825876505
44.112830896	0.35177641757	0.0056907633494
44.112830896	0.352163379	0.0056854294379
44.112830897	0.35261406689	0.0056791822185
44.112830897	0.35313423918	0.0056719234647
44.112830897	0.3537288722	0.0056635686322
44.112830897	0.35440203084	0.0056540479367
44.112830897	0.35515667516	0.0056433085196
44.112830897	0.35599442043	0.0056313174999
44.112830898	0.35691527285	0.0056180655797
44.112830898	0.35791736484	0.0056035707972
44.112830898	0.35899671488	0.0055878819986
44.112830898	0.36014703532	0.0055710816202
44.112830898	0.36135960962	0.0055532874183
44.112830899	0.36262325597	0.0055346528687
44.112830899	0.36392438866	0.005515366064
44.112830899	0.36524718131	0.0054956470693
44.112830899	0.36657382889	0.0054757438315
44.112830899	0.36788489802	0.0054559268622
44.112830899	0.36915974917	0.0054364830162
44.1128309	0.37037701024	0.0054177087413
44.1128309	0.37151507927	0.0053999031924
44.1128309	0.37255263392	0.0053833615689
44.1128309	0.37346912772	0.005368368971
44.1128309	0.37424525594	0.0053551949855
44.1128309	0.37486337783	0.0053440891187
44.112830901	0.37530788577	0.0053352771124
44.112830901	0.37556551531	0.0053289581057
44.112830901	0.37562559263	0.0053253025597
44.112830901	0.37548021832	0.0053244508341
44.112830901	0.37512438716	0.0053265122966
44.112830901	0.37455604474	0.0053315648581
44.112830902	0.37377608125	0.0053396548477
44.112830902	0.37278826297	0.005350797176
44.112830902	0.37159910135	0.0053649757749
44.112830902	0.37021765934	0.0053821443397
44.112830902	0.36865529438	0.0054022274453
44.112830902	0.36692533801	0.0054251221412
44.112830903	0.3650427126	0.0054507001638
44.112830903	0.36302348735	0.0054788109199
44.112830903	0.36088437804	0.0055092854035
44.112830903	0.3586421972	0.0055419411914
44.112830903	0.35759200792	0.0055765886324
44.112830903	0.35775765162	0.0055929661618
44.112830904	0.35797155095	0.0055903765885
44.112830904	0.35824290083	0.0055870361616
44.112830904	0.35858005181	0.00558280428
44.112830904	0.35899045674	0.0055775551092
44.112830904	0.35948056351	0.0055711787387
44.112830905	0.360055647	0.0055635831336
44.112830905	0.36071958745	0.0055546969383
44.112830905	0.36147461271	0.0055444729634
44.112830905	0.36232102755	0.0055328920198
44.112830905	0.36325695608	0.0055199666813
44.112830905	0.36427812328	0.0055057445329
44.112830906	0.36537769999	0.0054903104859
44.112830906	0.36654623215	0.0054737878093
44.112830906	0.36777166851	0.005456337631
44.112830906	0.36903949388	0.0054381568002
44.112830906	0.3703329666	0.005419474157
44.112830906	0.37163345035	0.0054005454021
44.112830907	0.37292082427	0.0053816468838
44.112830907	0.37417394988	0.0053630686995
44.112830907	0.37537117166	0.0053451075379
44.112830907	0.37649082757	0.0053280596673
44.112830907	0.3775117484	0.0053122144114
44.112830907	0.37841372784	0.0052978483676
44.112830908	0.3791779494	0.0052852205214
44.112830908	0.37978736032	0.0052745683212
44.112830908	0.38022698651	0.0052661046916
44.112830908	0.38048418553	0.005260015914
44.112830908	0.38054883686	0.0052564602579
44.112830908	0.38041347046	0.0052555672394
44.112830909	0.38007333506	0.0052574373815
44.112830909	0.37952640824	0.0052621423696
44.112830909	0.37877334976	0.0052697255226
44.112830909	0.3778173997	0.0052802025308
44.112830909	0.37666422197	0.00529356245
44.112830909	0.37532169391	0.0053097689755
44.11283091	0.3737996422	0.0053287620526
44.11283091	0.37210952599	0.0053504599102
44.11283091	0.37026406877	0.0053747616235
44.11283091	0.36827684212	0.0054015503224
44.11283091	0.36616180671	0.0054306971584
44.112830911	0.36397159129	0.005462066123
44.112830911	0.36398638656	0.0054949343516
44.112830911	0.36403165093	0.0054947109944
44.112830911	0.36411949925	0.0054940277718
44.112830911	0.36426118648	0.0054927022697
44.112830911	0.36446701893	0.005490565765
44.112830912	0.36474625534	0.0054874649725
44.112830912	0.36510697338	0.0054832639697
44.112830912	0.365555888	0.0054778466198
44.112830912	0.36609812382	0.0054711196445
44.112830912	0.36673695671	0.0054630162513
44.112830912	0.36747354753	0.0054535000179
44.112830913	0.36830669492	0.0054425686241
44.112830913	0.36923263413	0.0054302569777
44.112830913	0.37024490678	0.0054166393085
44.112830913	0.37133432115	0.005401829879
44.112830913	0.37248901553	0.0053859820817
44.112830913	0.37369462863	0.005369285849
44.112830914	0.37493457173	0.0053519634664
44.112830914	0.37619038968	0.0053342640311
44.112830914	0.37744219108	0.0053164569188
44.112830914	0.37866912485	0.005298824687
44.112830914	0.37984987883	0.005281655854
44.112830914	0.38096317757	0.005265237957
44.112830915	0.38198825938	0.0052498512133
44.112830915	0.38290531655	0.0052357630133
44.112830915	0.38369588705	0.0052232233755
44.112830915	0.38434319027	0.0052124613985
44.112830915	0.38483240256	0.0052036826738
44.112830915	0.38515087165	0.0051970675721
44.112830916	0.38528827057	0.005192770281
44.112830916	0.38523669329	0.00519091847
44.112830916	0.38499069462	0.0051916134544
44.112830916	0.38454727731	0.0051949307554
44.112830916	0.38390582881	0.0052009209739
44.112830916	0.38306800983	0.0052096109251
44.112830917	0.38203759631	0.0052210050139
44.112830917	0.38082027625	0.0052350868587
44.112830917	0.37942340239	0.0052518211995
44.112830917	0.37785570235	0.0052711561475
44.112830917	0.37612694823	0.0052930258498
44.112830917	0.37424758924	0.0053173536472
44.112830918	0.37222835267	0.0053440558002
44.112830918	0.37056414819	0.0053730458351
44.112830918	0.37047655059	0.0053971761968
44.112830918	0.37040552107	0.0053984523361
44.112830918	0.37036528617	0.0053994875514
44.112830918	0.37036925749	0.0054000741286
44.112830919	0.37042987041	0.0054000162259
44.112830919	0.3705584357	0.0053991326287
44.112830919	0.37076498331	0.0053972593991
44.112830919	0.37105807915	0.0053942526668
44.112830919	0.37144460635	0.0053899917894
44.11283092	0.37192951828	0.0053843829357
44.11283092	0.37251558217	0.0053773629188
44.11283092	0.37320313918	0.0053689029285
44.11283092	0.37398990826	0.0053590117286
44.11283092	0.37487085923	0.0053477378823
44.11283092	0.37583817512	0.0053351706348
44.112830921	0.3768813164	0.0053214392054
44.112830921	0.37798719035	0.0053067103966
44.112830921	0.37914042003	0.0052911845985
44.112830921	0.38032369877	0.0052750904265
44.112830921	0.3815182105	0.0052586783481
44.112830921	0.38270409266	0.0052422137265
44.112830922	0.38386091774	0.0052259697201
44.112830922	0.38496817111	0.0052102204408
44.112830922	0.386005706	0.0051952346975
44.112830922	0.38695416029	0.0051812705587
44.112830922	0.3877953246	0.0051685708677
44.112830922	0.38851245475	0.0051573597543
44.112830923	0.38909052542	0.0051478401157
44.112830923	0.38951642459	0.0051401919845
44.112830923	0.38977909018	0.0051345716733
44.112830923	0.38986959171	0.0051311115716
44.112830923	0.38978116018	0.0051299204722
44.112830923	0.38950916987	0.005131084322
44.112830923	0.38905107521	0.0051346673062
44.112830924	0.38840630561	0.0051407132056
44.112830924	0.38757612084	0.0051492469899
44.112830924	0.38656342893	0.0051602766333
44.112830924	0.38537256841	0.0051737951661
44.112830924	0.38400905684	0.0051897829891
44.112830924	0.38247930792	0.005208210495
44.112830925	0.38079032052	0.005229041045
44.112830925	0.37894934432	0.0052522343458
44.112830925	0.37731732392	0.0052777502586
44.112830925	0.37715734769	0.0053005782486
44.112830925	0.37699222363	0.0053028265583
44.112830925	0.37683810749	0.005305149217
44.112830926	0.37671054804	0.0053073188731
44.112830926	0.37662424699	0.0053091160053
44.112830926	0.37659283912	0.0053103325555
44.112830926	0.37662868928	0.0053107754376
44.112830926	0.37674269349	0.0053102699208
44.112830926	0.37694406853	0.0053086630067
44.112830927	0.37724012258	0.0053058269567
44.112830927	0.37763601379	0.0053016630001
44.112830927	0.37813451596	0.0052961050508
44.112830927	0.37873581646	0.0052891230913
44.112830927	0.37943737252	0.0052807258069
44.112830927	0.38023384792	0.0052709620739
44.112830928	0.38111714504	0.0052599209958
44.112830928	0.38207653846	0.0052477303266
44.112830928	0.38309890681	0.0052345532863
44.112830928	0.38416905114	0.0052205839391
44.112830928	0.38527008154	0.0052060414394
44.112830928	0.3863838499	0.0051911635392
44.112830929	0.38749140553	0.0051761997829
44.112830929	0.38857345107	0.0051614047989
44.112830929	0.38961077972	0.0051470320335
44.112830929	0.3905846779	0.0051333281934
44.112830929	0.39147728229	0.0051205285644
44.112830929	0.39227188397	0.0051088532859
44.11283093	0.39295317616	0.0050985045876
44.11283093	0.39350744486	0.0050896649305
44.11283093	0.39392270386	0.0050824959632
44.11283093	0.394188777	0.0050771381807
44.11283093	0.3942973315	0.0050737111676
44.11283093	0.39424186623	0.0050723143177
44.112830931	0.39401765901	0.0050730279337
44.112830931	0.39362167654	0.0050759146304
44.112830931	0.39305245017	0.0050810209884
44.112830931	0.3923099204	0.0050883794239
44.112830931	0.39139525241	0.0050980102618
44.112830931	0.39031062514	0.0051099240159
44.112830932	0.38905899605	0.0051241238931
44.112830932	0.38764384466	0.005140608546
44.112830932	0.38606889862	0.0051593751005
44.112830932	0.38433784783	0.0051804224768
44.112830932	0.38405109457	0.0052037550069
44.112830932	0.38384232993	0.0052076404111
44.112830933	0.38361564753	0.005210472749
44.112830933	0.38338834306	0.0052135516705
44.112830933	0.38317721983	0.0052166426972
44.112830933	0.38299829679	0.0052195169663
44.112830933	0.3828665287	0.005221955337
44.112830933	0.38279554656	0.0052237525354
44.112830934	0.38279741719	0.0052247211808
44.112830934	0.38288241232	0.0052246956489
44.112830934	0.38305877871	0.0052235358315
44.112830934	0.38333251141	0.005221130832
44.112830934	0.38370714424	0.0052174024912
44.112830934	0.38418357976	0.0052123084755
44.112830935	0.38475998194	0.0052058445633
44.112830935	0.38543175084	0.0051980457789
44.112830935	0.38619159106	0.0051889861062
44.112830935	0.38702967646	0.0051787766651
44.112830935	0.38793390476	0.0051675623903
44.112830935	0.38889022763	0.0051555174103
44.112830936	0.38988303692	0.0051428394388
44.112830936	0.39089558466	0.0051297435656
44.112830936	0.39191041452	0.0051164558477
44.112830936	0.39290978434	0.0051032070746
44.112830936	0.39387606251	0.0050902270183
44.112830936	0.39479208529	0.0050777393966
44.112830936	0.3956414659	0.0050659576889
44.112830937	0.39640885045	0.0050550818668
44.112830937	0.39708011882	0.0050452960314
44.112830937	0.39764253103	0.0050367669022
44.112830937	0.39808482193	0.0050296430686
44.112830937	0.39839724757	0.0050240548994
44.112830937	0.3985715879	0.0050201150038
44.112830938	0.39860111014	0.005017919141
44.112830938	0.39848049717	0.0050175474908
44.112830938	0.39820574525	0.0050190662132
44.112830938	0.39777403432	0.0050225292423
44.112830938	0.39718357435	0.0050279802788
44.112830938	0.39643343035	0.0050354549613
44.112830939	0.3955233288	0.00504498321
44.112830939	0.39445344784	0.0050565917467
44.112830939	0.39322419466	0.0050703068028
44.112830939	0.39183597355	0.0050861570248
44.112830939	0.39105319916	0.0051041765815
44.112830939	0.3908890507	0.0051143936536
44.11283094	0.39066933406	0.0051165413726
44.11283094	0.3904120871	0.0051194189706
44.11283094	0.39013542137	0.0051227922139
44.11283094	0.3898572049	0.0051264250577
44.11283094	0.38959473234	0.0051300834635
44.11283094	0.38936439264	0.0051335396348
44.112830941	0.38918134888	0.0051365765278
44.112830941	0.38905924257	0.0051389924151
44.112830941	0.38900992622	0.0051406052887
44.112830941	0.38904322095	0.0051412569839
44.112830941	0.38916669577	0.0051408169897
44.112830941	0.38938547357	0.0051391859111
44.112830941	0.389702078	0.0051362984389
44.112830942	0.39011634038	0.0051321255722
44.112830942	0.39062538384	0.0051266757964
44.112830942	0.3912236957	0.0051199949689
44.112830942	0.39190329035	0.0051121647845
44.112830942	0.39265395627	0.0051032998427
44.112830942	0.39346357299	0.0050935434829
44.112830943	0.39431847907	0.0050830626703
44.112830943	0.3952038695	0.005072042286
44.112830943	0.39610420101	0.0050606791946
44.112830943	0.3970035858	0.0050491764412
44.112830943	0.39788615747	0.0050377378732
44.112830943	0.39873639698	0.0050265634087
44.112830944	0.39953941041	0.0050158450926
44.112830944	0.40028115423	0.005005764007
44.112830944	0.40094860664	0.0049964880406
44.112830944	0.40152988642	0.0049881704709
44.112830944	0.40201432215	0.0049809492834
44.112830944	0.40239247624	0.0049749471345
44.112830945	0.40265612846	0.0049702718567
44.112830945	0.40279822406	0.0049670174092
44.112830945	0.40281279147	0.0049652651887
44.112830945	0.40269483418	0.0049650856237
44.112830945	0.40244020085	0.0049665399956
44.112830945	0.40204543737	0.0049696824417
44.112830945	0.40150762406	0.0049745621119
44.112830946	0.40082420077	0.0049812254616
44.112830946	0.3999927826	0.0049897186751
44.112830946	0.3990109692	0.0050000902192
44.112830946	0.39787615089	0.0050123935289
44.112830946	0.39787653011	0.0050266898268
44.112830946	0.39778831461	0.0050266850358
44.112830947	0.39761824161	0.0050277997783
44.112830947	0.39738416085	0.005029950316
44.112830947	0.39710438374	0.0050329132286
44.112830947	0.3967973682	0.0050364591324
44.112830947	0.396481379	0.0050403560112
44.112830947	0.39617412909	0.0050443730927
44.112830948	0.39589241307	0.0050482852189
44.112830948	0.39565174934	0.0050518775657
44.112830948	0.39546604835	0.0050549504794
44.112830948	0.39534731987	0.005057324158
44.112830948	0.39530542388	0.0050588429452
44.112830948	0.39534786548	0.0050593791007
44.112830949	0.39547963684	0.0050588359636
44.112830949	0.39570311599	0.0050571503908
44.112830949	0.39601803502	0.0050542942908
44.112830949	0.39642152884	0.0050502750459
44.112830949	0.396908269	0.0050451346723
44.112830949	0.39747067908	0.0050389476768
44.112830949	0.39809922029	0.0050318177044
44.11283095	0.39878273034	0.0050238731906
44.11283095	0.39950879512	0.0050152623166
44.11283095	0.40026413207	0.0050061476104
44.11283095	0.40103496567	0.0049967005279
44.11283095	0.40180737807	0.0049870963164
44.11283095	0.40256762201	0.0049775093967
44.112830951	0.40330238691	0.0049681094321
44.112830951	0.40399901298	0.004959058178
44.112830951	0.40464565168	0.0049505071442
44.112830951	0.40523137327	0.0049425960509
44.112830951	0.40574622466	0.0049354520206
44.112830951	0.40618124189	0.0049291894254
44.112830952	0.40652842255	0.0049239102985
44.112830952	0.4067806639	0.0049197052138
44.112830952	0.40693167223	0.0049166545451
